Could not find conda environment: py36
You can list all discoverable environments with `conda info --envs`.

/var/spool/slurmd/job16841103/slurm_script: line 12: cd: /global/homes/c/cju_lbl/PeculiarVelocity/pv/: No such file or directory
Start 1544485107.529152
End 1544485885.0635865
Difference 777.5344345569611
Start 1544485885.101806
End 1544486667.7588947
Difference 782.6570887565613
Start 1544486667.7954466
End 1544487431.8000777
Difference 764.0046310424805
Start 1544487431.8471308
End 1544488172.5717373
Difference 740.724606513977
Start 1544488172.6110914
End 1544488894.7761164
Difference 722.1650249958038
Start 1544488894.8171692
End 1544489654.2895563
Difference 759.4723870754242
Start 1544489654.328139
End 1544490399.7083616
Difference 745.3802225589752
Start 1544490399.7588007
End 1544491084.5306947
Difference 684.7718939781189
Start 1544491084.5766346
End 1544491792.7765303
Difference 708.1998956203461
Start 1544491792.8244486
End 1544492514.978914
Difference 722.1544654369354
Start 1544492515.0366023
End 1544493280.2914104
Difference 765.2548081874847
Start 1544493280.3534892
End 1544494035.4139166
Difference 755.0604274272919
Start 1544494035.4738598
End 1544494762.1810415
Difference 726.7071816921234
Start 1544494762.2351167
End 1544495488.9058
Difference 726.6706833839417
Start 1544495489.6035626
End 1544496202.463566
Difference 712.8600034713745
Start 1544496202.5150332
End 1544496864.1551178
Difference 661.6400845050812
Start 1544496864.2068698
End 1544497614.4318695
Difference 750.224999666214
Start 1544497614.4701319
End 1544498336.7142448
Difference 722.2441129684448
Start 1544498336.7620642
End 1544499021.5932717
Difference 684.8312075138092
Start 1544499021.6437628
End 1544499739.0549457
Difference 717.4111828804016
Start 1544499739.1024418
End 1544500456.5180063
Difference 717.4155645370483
Start 1544500456.5601509
End 1544501127.284099
Difference 670.7239482402802
Start 1544501127.3608437
End 1544501798.31526
Difference 670.9544162750244
Start 1544501798.3685424
End 1544502521.0022035
Difference 722.633661031723
Start 1544502521.0473537
End 1544503154.756515
Difference 633.7091612815857
Start 1544503154.8183107
End 1544503848.9235184
Difference 694.1052076816559
Start 1544503850.5457702
End 1544504525.8162289
Difference 675.2704586982727
Start 1544504525.8627923
End 1544505229.0736482
Difference 703.210855960846
Start 1544505229.124799
End 1544505927.7732131
Difference 698.6484141349792
Start 1544505927.827529
End 1544506584.5077157
Difference 656.6801867485046
Start 1544506584.5485218
End 1544507297.2414725
Difference 712.6929507255554
Start 1544507297.3194933
End 1544508009.8989685
Difference 712.5794751644135
Start 1544508009.9680846
End 1544508717.8580053
Difference 707.8899207115173
Start 1544508718.0519395
End 1544509477.2077706
Difference 759.1558310985565
Start 1544509477.2608607
End 1544510189.9174764
Difference 712.6566157341003
Start 1544510189.9574413
End 1544510869.9002643
Difference 679.942822933197
Start 1544510869.937776
End 1544511550.20515
Difference 680.2673738002777
Start 1544511550.244298
End 1544512290.8708787
Difference 740.6265807151794
Start 1544512290.9133427
End 1544513022.2189655
Difference 731.3056228160858
Start 1544513022.274468
End 1544513716.4220202
Difference 694.1475522518158
Start 1544513716.466332
End 1544514443.203198
Difference 726.7368659973145
Start 1544514443.3239086
End 1544515156.0146143
Difference 712.6907057762146
Start 1544515156.0619395
End 1544515892.0743823
Difference 736.0124428272247
Start 1544515892.1192584
End 1544516577.0338123
Difference 684.9145538806915
Start 1544516577.075526
End 1544517308.4864788
Difference 731.4109528064728
Start 1544517308.5323217
End 1544518044.6487277
Difference 736.1164059638977
Start 1544518044.689629
End 1544518757.3140671
Difference 712.6244380474091
Start 1544518757.3572
End 1544519526.0522892
Difference 768.69508934021
Start 1544519526.0985112
End 1544520234.154132
Difference 708.0556206703186
Start 1544520234.2022326
End 1544520937.55701
Difference 703.3547773361206
Start 1544520937.614603
End 1544521613.1572495
Difference 675.542646408081
Start 1544521613.2167668
End 1544522321.942793
Difference 708.726026058197
Start 1544522321.9847383
End 1544523048.6573606
Difference 726.6726222038269
Start 1544523048.7054915
End 1544523728.7108388
Difference 680.0053472518921
Start 1544523728.8666599
End 1544524460.1271474
Difference 731.2604875564575
Start 1544524460.1618538
End 1544525182.427807
Difference 722.2659533023834
Start 1544525182.4773843
End 1544525904.627953
Difference 722.1505687236786
Start 1544525904.6683643
End 1544526603.2950914
Difference 698.626727104187
Start 1544526603.3511078
End 1544527339.1984851
Difference 735.8473773002625
Start 1544527339.2391376
End 1544528047.1716392
Difference 707.9325015544891
Start 1544528047.2367291
End 1544528736.5817945
Difference 689.3450653553009
Start 1544528736.6360629
End 1544529360.6677186
Difference 624.0316557884216
Start 1544529360.7187254
End 1544530063.8310034
Difference 703.1122779846191
Start 1544530063.8713882
End 1544530757.7635102
Difference 693.8921220302582
Start 1544530757.8012168
End 1544531470.1472087
Difference 712.3459918498993
Start 1544531470.1867313
End 1544532210.4647136
Difference 740.2779822349548
Start 1544532210.4990876
End 1544532904.2698185
Difference 693.77073097229
Start 1544532904.3162944
End 1544533621.5902658
Difference 717.2739713191986
Start 1544533621.9012887
End 1544534399.8704927
Difference 777.9692039489746
Start 1544534399.911256
End 1544535159.1718354
Difference 759.2605793476105
Start 1544535159.213698
End 1544535904.4418266
Difference 745.2281286716461
Start 1544535904.4879458
End 1544536612.4647303
Difference 707.9767844676971
Start 1544536612.5111449
End 1544537325.2589507
Difference 712.7478058338165
Start 1544537325.3064468
End 1544538051.7750297
Difference 726.468582868576
Start 1544538051.829836
End 1544538755.0722454
Difference 703.2424094676971
Start 1544538755.1163492
End 1544539486.211188
Difference 731.0948388576508
Start 1544539486.266933
End 1544540166.0534039
Difference 679.7864708900452
Start 1544540166.0987968
End 1544540850.7907574
Difference 684.6919605731964
Start 1544540850.8298464
End 1544541549.2400537
Difference 698.4102072715759
Start 1544541549.2811925
End 1544542219.9304755
Difference 670.6492829322815
Start 1544542219.9685438
End 1544542937.11408
Difference 717.1455361843109
Start 1544542937.161854
End 1544543654.2097726
Difference 717.0479185581207
Start 1544543654.2539306
End 1544544366.837363
Difference 712.5834324359894
Start 1544544366.884277
End 1544545111.8172474
Difference 744.9329702854156
Start 1544545111.8578398
End 1544545773.1182363
Difference 661.2603964805603
Start 1544545773.149516
End 1544546462.440361
Difference 689.2908449172974
Start 1544546462.4807358
End 1544547123.769277
Difference 661.2885413169861
Start 1544547123.817889
End 1544547818.1741414
Difference 694.3562524318695
Start 1544547818.2195523
End 1544548512.151378
Difference 693.9318256378174
Start 1544548512.2053611
End 1544549233.9396133
Difference 721.7342522144318
Start 1544549233.9839745
End 1544549932.0533721
Difference 698.069397687912
Start 1544549932.1040595
End 1544550648.6772738
Difference 716.5732142925262
Start 1544550648.7240262
End 1544551342.3941634
Difference 693.6701371669769
Start 1544551342.4364967
End 1544552078.263675
Difference 735.8271782398224
Start 1544552078.312245
End 1544552827.7361073
Difference 749.4238624572754
Start 1544552827.7795131
End 1544553549.4850535
Difference 721.7055404186249
Start 1544553549.5279498
End 1544554257.4610305
Difference 707.9330806732178
Start 1544554257.5050542
End 1544554937.4636908
Difference 679.9586365222931
Start 1544554937.5218282
End 1544555645.3910682
Difference 707.8692400455475
Start 1544555645.4415796
End 1544556339.0940762
Difference 693.6524965763092
