Could not find conda environment: py36
You can list all discoverable environments with `conda info --envs`.

/var/spool/slurmd/job16841329/slurm_script: line 12: cd: /global/homes/c/cju_lbl/PeculiarVelocity/pv/: No such file or directory
(2541, 2541)
Start 1545129538.8069468
End 1545129582.4645965
Difference 43.657649755477905
Start 1545129582.5685918
End 1545129622.0675554
Difference 39.498963594436646
Start 1545129622.1038995
End 1545129660.1009052
Difference 37.99700570106506
Start 1545129660.17955
End 1545129700.22997
Difference 40.05042004585266
Start 1545129700.2678895
End 1545129742.4052584
Difference 42.13736891746521
Start 1545129742.44316
End 1545129784.1466515
Difference 41.70349144935608
Start 1545129784.183045
End 1545129825.5345907
Difference 41.35154581069946
Start 1545129825.5760183
End 1545129866.6703892
Difference 41.09437084197998
Start 1545129866.709646
End 1545129907.7964993
Difference 41.08685326576233
Start 1545129907.8277252
End 1545129949.166861
Difference 41.33913588523865
Start 1545129949.1831436
End 1545129988.1869762
Difference 39.00383257865906
Start 1545129988.2127872
End 1545130029.0277276
Difference 40.814940452575684
Start 1545130029.044041
End 1545130069.092527
Difference 40.04848599433899
Start 1545130069.1108804
End 1545130107.5793822
Difference 38.468501806259155
Start 1545130107.6643145
End 1545130147.7789264
Difference 40.114611864089966
Start 1545130147.819916
End 1545130187.0763836
Difference 39.25646758079529
Start 1545130187.118504
End 1545130228.2213757
Difference 41.10287165641785
Start 1545130228.3636713
End 1545130269.9919212
Difference 41.62824988365173
Start 1545130270.034043
End 1545130312.4730616
Difference 42.4390184879303
Start 1545130314.2990003
End 1545130355.6757896
Difference 41.37678933143616
Start 1545130355.7228673
End 1545130397.6019068
Difference 41.87903952598572
Start 1545130397.6332161
End 1545130435.310523
Difference 37.67730689048767
Start 1545130435.353231
End 1545130474.085756
Difference 38.73252511024475
Start 1545130474.11462
End 1545130514.9487634
Difference 40.83414340019226
Start 1545130514.9780595
End 1545130554.5015996
Difference 39.523540019989014
Start 1545130554.5415194
End 1545130594.8454292
Difference 40.30390977859497
Start 1545130594.880603
End 1545130633.6111743
Difference 38.730571269989014
Start 1545130633.6397848
End 1545130674.4835145
Difference 40.843729734420776
Start 1545130674.5105166
End 1545130715.2578502
Difference 40.74733352661133
Start 1545130715.284132
End 1545130755.0631745
Difference 39.7790424823761
Start 1545130755.1070063
End 1545130796.2227695
Difference 41.11576318740845
Start 1545130796.252535
End 1545130836.0430894
Difference 39.79055428504944
Start 1545130836.073786
End 1545130874.2743473
Difference 38.20056128501892
Start 1545130874.3021517
End 1545130912.7729998
Difference 38.470848083496094
Start 1545130912.8137608
End 1545130952.8638985
Difference 40.050137758255005
Start 1545130952.9034686
End 1545130993.4694104
Difference 40.56594181060791
Start 1545130993.5026503
End 1545131034.5920844
Difference 41.0894341468811
Start 1545131034.6257727
End 1545131076.5279293
Difference 41.902156591415405
Start 1545131076.5570655
End 1545131117.377648
Difference 40.82058262825012
Start 1545131117.4086485
End 1545131158.2427106
Difference 40.83406209945679
Start 1545131158.2698693
End 1545131197.7668219
Difference 39.496952533721924
Start 1545131197.808192
End 1545131238.3691099
Difference 40.56091785430908
Start 1545131238.4045913
End 1545131280.0243802
Difference 41.61978888511658
Start 1545131280.054619
End 1545131323.7606492
Difference 43.70603013038635
Start 1545131323.795926
End 1545131365.9266331
Difference 42.130707025527954
Start 1545131365.9553595
End 1545131410.195793
Difference 44.24043345451355
Start 1545131410.2278094
End 1545131453.9379492
Difference 43.710139751434326
Start 1545131453.9666467
End 1545131498.2297378
Difference 44.26309108734131
Start 1545131498.2604017
End 1545131541.687291
Difference 43.426889181137085
Start 1545131541.7139878
End 1545131584.6434803
Difference 42.929492473602295
Start 1545131584.6609397
End 1545131626.2672422
Difference 41.60630249977112
Start 1545131626.2905567
End 1545131666.0413244
Difference 39.75076770782471
Start 1545131666.0677874
End 1545131704.7839036
Difference 38.716116189956665
Start 1545131704.8089235
End 1545131745.3898478
Difference 40.58092427253723
Start 1545131745.4193642
End 1545131784.6702678
Difference 39.250903606414795
Start 1545131784.6988769
End 1545131824.468058
Difference 39.76918125152588
Start 1545131824.4953797
End 1545131866.6165626
Difference 42.121182918548584
Start 1545131866.6441832
End 1545131906.4517207
Difference 39.80753755569458
Start 1545131906.4834301
End 1545131946.7883673
Difference 40.30493712425232
Start 1545131946.8162968
End 1545131988.1581302
Difference 41.3418333530426
Start 1545131988.198279
End 1545132030.06379
Difference 41.86551117897034
Start 1545132030.093418
End 1545132072.1939642
Difference 42.10054636001587
Start 1545132072.2233562
End 1545132112.7377443
Difference 40.51438808441162
Start 1545132112.7691762
End 1545132153.2598495
Difference 40.490673303604126
Start 1545132153.3851016
End 1545132193.335764
Difference 39.95066237449646
Start 1545132193.3645477
End 1545132233.8602238
Difference 40.495676040649414
Start 1545132233.8912268
End 1545132273.888288
Difference 39.997061252593994
Start 1545132273.9149988
End 1545132314.6683526
Difference 40.75335383415222
Start 1545132314.6899745
End 1545132356.2553031
Difference 41.56532859802246
Start 1545132356.280932
End 1545132396.534009
Difference 40.253077030181885
Start 1545132396.5654585
End 1545132435.232272
Difference 38.666813373565674
Start 1545132435.256475
End 1545132476.027413
Difference 40.7709379196167
Start 1545132476.0576756
End 1545132519.4465785
Difference 43.38890290260315
Start 1545132519.4766228
End 1545132560.5043373
Difference 41.0277144908905
Start 1545132560.537388
End 1545132600.242965
Difference 39.70557689666748
Start 1545132600.2696187
End 1545132640.7235487
Difference 40.45392990112305
Start 1545132640.7781122
End 1545132682.4361763
Difference 41.658064126968384
Start 1545132682.4659753
End 1545132724.3922
Difference 41.92622470855713
Start 1545132724.41755
End 1545132763.9878516
Difference 39.57030153274536
Start 1545132764.0207162
End 1545132804.3543735
Difference 40.33365726470947
Start 1545132804.3840904
End 1545132846.3003547
Difference 41.916264295578
Start 1545132846.331846
End 1545132886.9317875
Difference 40.59994149208069
Start 1545132886.958877
End 1545132925.9559493
Difference 38.99707221984863
Start 1545132925.9816554
End 1545132968.1719015
Difference 42.19024610519409
Start 1545132968.1991856
End 1545133011.4510126
Difference 43.251827001571655
Start 1545133011.4910684
End 1545133053.1557963
Difference 41.66472792625427
Start 1545133053.1864448
End 1545133092.733909
Difference 39.54746413230896
Start 1545133092.7685497
End 1545133129.6946669
Difference 36.926117181777954
Start 1545133129.7236986
End 1545133170.3317912
Difference 40.60809254646301
Start 1545133170.3603072
End 1545133209.388582
Difference 39.02827477455139
Start 1545133209.420287
End 1545133247.6389017
Difference 38.21861481666565
Start 1545133247.6719816
End 1545133284.5503376
Difference 36.878355979919434
Start 1545133284.580493
End 1545133323.4982002
Difference 38.917707204818726
Start 1545133323.529196
End 1545133362.7592163
Difference 39.23002028465271
Start 1545133362.7887297
End 1545133404.9213433
Difference 42.13261365890503
Start 1545133404.9478097
End 1545133444.4359066
Difference 39.488096952438354
Start 1545133444.4646308
End 1545133484.99738
Difference 40.53274917602539
Start 1545133485.0284858
End 1545133525.845063
Difference 40.816577196121216
Start 1545133525.8736439
End 1545133567.7418346
Difference 41.86819076538086
Start 1545133567.7728543
End 1545133608.8586946
Difference 41.08584022521973
