Could not find conda environment: py36
You can list all discoverable environments with `conda info --envs`.

/var/spool/slurmd/job16841400/slurm_script: line 12: cd: /global/homes/c/cju_lbl/PeculiarVelocity/pv/: No such file or directory
(1215, 1215)
Start 1545333075.667213
End 1545333079.004444
Difference 3.337230920791626
Start 1545333079.0540547
End 1545333082.2274044
Difference 3.173349618911743
Start 1545333082.2490609
End 1545333085.3494282
Difference 3.100367307662964
Start 1545333085.37723
End 1545333088.307102
Difference 2.9298720359802246
Start 1545333088.3258615
End 1545333091.3700514
Difference 3.044189929962158
Start 1545333091.3913457
End 1545333094.5305402
Difference 3.1391944885253906
Start 1545333094.5534878
End 1545333097.5470982
Difference 2.993610382080078
Start 1545333097.570714
End 1545333100.3856645
Difference 2.814950466156006
Start 1545333100.4107227
End 1545333103.4356244
Difference 3.0249016284942627
Start 1545333103.4570093
End 1545333106.4463086
Difference 2.9892992973327637
Start 1545333106.460937
End 1545333109.2750049
Difference 2.814067840576172
Start 1545333109.2954931
End 1545333112.206891
Difference 2.911397933959961
Start 1545333112.2207084
End 1545333115.1860352
Difference 2.9653267860412598
Start 1545333115.2093773
End 1545333118.0042062
Difference 2.7948288917541504
Start 1545333118.0174208
End 1545333120.9281414
Difference 2.9107205867767334
Start 1545333120.941634
End 1545333123.9089763
Difference 2.9673423767089844
Start 1545333123.9316313
End 1545333126.8622553
Difference 2.930624008178711
Start 1545333126.8767796
End 1545333129.7285166
Difference 2.8517370223999023
Start 1545333129.7507641
End 1545333132.6771524
Difference 2.9263882637023926
Start 1545333132.699663
End 1545333135.5336347
Difference 2.8339717388153076
Start 1545333135.5474675
End 1545333138.3412523
Difference 2.7937848567962646
Start 1545333138.3550737
End 1545333141.36095
Difference 3.005876302719116
Start 1545333141.3759582
End 1545333144.3437643
Difference 2.967806100845337
Start 1545333144.357464
End 1545333147.2475014
Difference 2.8900372982025146
Start 1545333147.2611027
End 1545333150.2471259
Difference 2.986023187637329
Start 1545333150.2649794
End 1545333153.081186
Difference 2.816206693649292
Start 1545333153.1019115
End 1545333155.7266898
Difference 2.6247782707214355
Start 1545333155.7403574
End 1545333158.4778447
Difference 2.737487316131592
Start 1545333158.492801
End 1545333161.3084397
Difference 2.815638780593872
Start 1545333161.3285656
End 1545333163.9329445
Difference 2.6043789386749268
Start 1545333163.9404762
End 1545333166.7355106
Difference 2.795034408569336
Start 1545333166.7676237
End 1545333169.6595395
Difference 2.891915798187256
Start 1545333169.6825876
End 1545333172.7281432
Difference 3.045555591583252
Start 1545333172.7483158
End 1545333175.6210089
Difference 2.8726930618286133
Start 1545333175.6444442
End 1545333178.4753819
Difference 2.830937623977661
Start 1545333178.483707
End 1545333181.2594247
Difference 2.7757177352905273
Start 1545333181.2844062
End 1545333184.1939843
Difference 2.9095780849456787
Start 1545333184.2090726
End 1545333186.9466999
Difference 2.7376272678375244
Start 1545333186.9641194
End 1545333189.9545193
Difference 2.9903998374938965
Start 1545333189.970157
End 1545333192.8413181
Difference 2.8711612224578857
Start 1545333192.856954
End 1545333195.6499844
Difference 2.793030261993408
Start 1545333195.673251
End 1545333198.486646
Difference 2.8133950233459473
Start 1545333198.5111637
End 1545333201.6279585
Difference 3.1167948246002197
Start 1545333201.6499813
End 1545333204.7699986
Difference 3.1200172901153564
Start 1545333204.784186
End 1545333207.8995395
Difference 3.115353584289551
Start 1545333207.9133036
End 1545333210.8219786
Difference 2.908674955368042
Start 1545333210.8435805
End 1545333213.7903574
Difference 2.946776866912842
Start 1545333213.8279436
End 1545333216.6001813
Difference 2.772237777709961
Start 1545333216.620405
End 1545333219.3784425
Difference 2.758037567138672
Start 1545333219.3903193
End 1545333222.4169037
Difference 3.0265843868255615
Start 1545333222.4426763
End 1545333225.3915489
Difference 2.9488725662231445
Start 1545333225.4073648
End 1545333228.2396383
Difference 2.832273483276367
Start 1545333228.2639298
End 1545333231.308009
Difference 3.044079065322876
Start 1545333231.3230777
End 1545333234.0224936
Difference 2.699415922164917
Start 1545333234.0376556
End 1545333236.6228232
Difference 2.585167646408081
Start 1545333236.6384802
End 1545333239.4730108
Difference 2.8345305919647217
Start 1545333239.4834473
End 1545333242.3187797
Difference 2.8353323936462402
Start 1545333242.34804
End 1545333245.1425586
Difference 2.79451847076416
Start 1545333245.156877
End 1545333247.9711506
Difference 2.8142735958099365
Start 1545333247.9855917
End 1545333250.8396485
Difference 2.8540568351745605
Start 1545333250.8549774
End 1545333253.9148738
Difference 3.059896469116211
Start 1545333253.9289076
End 1545333257.1212497
Difference 3.1923420429229736
Start 1545333257.1345413
End 1545333260.1938765
Difference 3.059335231781006
Start 1545333260.210014
End 1545333263.2710419
Difference 3.061027765274048
Start 1545333263.2861345
End 1545333266.0817976
Difference 2.7956631183624268
Start 1545333266.1016793
End 1545333269.25965
Difference 3.157970666885376
Start 1545333269.275301
End 1545333272.376753
Difference 3.101452112197876
Start 1545333272.392224
End 1545333275.4365635
Difference 3.044339418411255
Start 1545333275.4515152
End 1545333278.5157402
Difference 3.0642249584198
Start 1545333278.532147
End 1545333281.2882757
Difference 2.7561287879943848
Start 1545333281.3023672
End 1545333283.8116846
Difference 2.509317398071289
Start 1545333283.8259137
End 1545333286.44972
Difference 2.6238062381744385
Start 1545333286.466007
End 1545333289.4723077
Difference 3.006300687789917
Start 1545333289.4879265
End 1545333292.301327
Difference 2.8134005069732666
Start 1545333292.3166342
End 1545333295.3783877
Difference 3.061753511428833
Start 1545333295.3934958
End 1545333298.511603
Difference 3.118107318878174
Start 1545333298.527983
End 1545333301.6683762
Difference 3.1403932571411133
Start 1545333301.6846902
End 1545333304.824465
Difference 3.139774799346924
Start 1545333304.8408802
End 1545333307.7324114
Difference 2.891531229019165
Start 1545333307.7413394
End 1545333310.6930933
Difference 2.951753854751587
Start 1545333310.705703
End 1545333313.632648
Difference 2.9269449710845947
Start 1545333313.6544669
End 1545333319.455335
Difference 5.800868034362793
Start 1545333319.474853
End 1545333322.501462
Difference 3.026608943939209
Start 1545333322.5179737
End 1545333325.3473983
Difference 2.8294246196746826
Start 1545333325.364172
End 1545333328.3089345
Difference 2.9447624683380127
Start 1545333328.3286185
End 1545333331.3483896
Difference 3.019771099090576
Start 1545333331.3644598
End 1545333334.4203355
Difference 3.055875778198242
Start 1545333334.4356122
End 1545333339.816613
Difference 5.381000757217407
Start 1545333339.83221
End 1545333342.8780317
Difference 3.0458216667175293
Start 1545333342.8927033
End 1545333345.741434
Difference 2.8487308025360107
Start 1545333345.7505777
End 1545333348.6760836
Difference 2.9255058765411377
Start 1545333348.7052295
End 1545333351.4578998
Difference 2.7526702880859375
Start 1545333351.4734402
End 1545333354.6111698
Difference 3.1377296447753906
Start 1545333354.6291418
End 1545333357.708078
Difference 3.0789361000061035
Start 1545333357.7230608
End 1545333363.035121
Difference 5.312060117721558
Start 1545333363.049987
End 1545333366.0784128
Difference 3.028425693511963
Start 1545333366.093424
End 1545333371.2997177
Difference 5.20629358291626
Start 1545333371.31499
End 1545333374.3190973
Difference 3.0041072368621826
Start 1545333374.334817
End 1545333379.8523765
Difference 5.51755952835083
Start 1545333379.8682578
End 1545333382.7000582
Difference 2.8318004608154297
