Could not find conda environment: py36
You can list all discoverable environments with `conda info --envs`.

/var/spool/slurmd/job16841227/slurm_script: line 12: cd: /global/homes/c/cju_lbl/PeculiarVelocity/pv/: No such file or directory
(6491, 6491)
Start 1544891841.251056
End 1544892144.6838033
Difference 303.4327473640442
Start 1544892144.7315629
End 1544892448.2146256
Difference 303.4830627441406
Start 1544892448.2553434
End 1544892751.760542
Difference 303.50519847869873
Start 1544892751.794979
End 1544893042.6048856
Difference 290.80990648269653
Start 1544893042.6330252
End 1544893326.2051258
Difference 283.57210063934326
Start 1544893326.273328
End 1544893613.5471687
Difference 287.27384066581726
Start 1544893613.5765667
End 1544893891.8366768
Difference 278.2601101398468
Start 1544893891.8603997
End 1544894186.312226
Difference 294.45182633399963
Start 1544894186.3375442
End 1544894464.5579972
Difference 278.2204530239105
Start 1544894464.6019192
End 1544894731.9933221
Difference 267.3914029598236
Start 1544894732.0248525
End 1544895010.2543807
Difference 278.22952818870544
Start 1544895010.2866845
End 1544895306.5337424
Difference 296.2470579147339
Start 1544895306.5660706
End 1544895610.0182
Difference 303.4521293640137
Start 1544895610.0513167
End 1544895909.9493504
Difference 299.898033618927
Start 1544895909.975113
End 1544896195.3422716
Difference 285.36715865135193
Start 1544896195.3693523
End 1544896477.2183993
Difference 281.8490469455719
Start 1544896477.2431433
End 1544896762.64547
Difference 285.4023265838623
Start 1544896762.6744094
End 1544897046.2639728
Difference 283.589563369751
Start 1544897046.2960567
End 1544897315.4633186
Difference 269.16726183891296
Start 1544897315.4894109
End 1544897600.875757
Difference 285.38634610176086
Start 1544897600.9029694
End 1544897889.9901145
Difference 289.08714509010315
Start 1544897890.0170507
End 1544898175.4389145
Difference 285.4218637943268
Start 1544898175.4692233
End 1544898450.0676007
Difference 274.5983774662018
Start 1544898450.1033788
End 1544898733.7422924
Difference 283.6389136314392
Start 1544898733.7642677
End 1544899006.604231
Difference 272.8399634361267
Start 1544899006.6340523
End 1544899268.5749292
Difference 261.9408769607544
Start 1544899268.6088996
End 1544899546.8266854
Difference 278.2177858352661
Start 1544899546.8655684
End 1544899810.6252165
Difference 263.7596480846405
Start 1544899810.657998
End 1544900090.659741
Difference 280.00174283981323
Start 1544900090.6953115
End 1544900361.5866077
Difference 270.89129614830017
Start 1544900361.6212578
End 1544900628.9995944
Difference 267.3783366680145
Start 1544900629.0361953
End 1544900905.4801836
Difference 276.44398832321167
Start 1544900905.515697
End 1544901194.6081526
Difference 289.09245562553406
Start 1544901194.6424005
End 1544901487.2812953
Difference 292.63889479637146
Start 1544901487.3138058
End 1544901767.3224494
Difference 280.00864362716675
Start 1544901767.3615336
End 1544902023.8495307
Difference 256.4879970550537
Start 1544902023.8816109
End 1544902298.4562664
Difference 274.5746555328369
Start 1544902298.4892344
End 1544902578.444378
Difference 279.9551434516907
Start 1544902578.4848382
End 1544902844.0810869
Difference 265.596248626709
Start 1544902844.1178672
End 1544903116.8863451
Difference 272.76847791671753
Start 1544903116.922281
End 1544903402.329948
Difference 285.4076669216156
Start 1544903402.3647034
End 1544903678.7046773
Difference 276.3399739265442
Start 1544903678.7392142
End 1544903938.8921685
Difference 260.1529543399811
Start 1544903938.927638
End 1544904202.7022657
Difference 263.7746276855469
Start 1544904202.7375817
End 1544904495.3422318
Difference 292.60465002059937
Start 1544904495.3740292
End 1544904786.1901562
Difference 290.8161270618439
Start 1544904786.226885
End 1544905087.8437543
Difference 301.6168692111969
Start 1544905087.87683
End 1544905378.6248813
Difference 290.7480511665344
Start 1544905378.6519723
End 1544905669.3552315
Difference 290.70325922966003
Start 1544905669.393531
End 1544905963.7280807
Difference 294.33454966545105
Start 1544905963.773063
End 1544906261.7751005
Difference 298.002037525177
Start 1544906261.8102667
End 1544906552.5768054
Difference 290.7665386199951
Start 1544906552.6128657
End 1544906843.4368148
Difference 290.82394909858704
Start 1544906843.469821
End 1544907127.1096265
Difference 283.6398055553436
Start 1544907127.1505384
End 1544907417.809818
Difference 290.65927958488464
Start 1544907417.840878
End 1544907708.5224388
Difference 290.681560754776
Start 1544907708.5598352
End 1544908000.9824326
Difference 292.4225974082947
Start 1544908001.017732
End 1544908300.931639
Difference 299.9139070510864
Start 1544908300.9672396
End 1544908593.6294484
Difference 292.6622087955475
Start 1544908593.6644657
End 1544908891.7137969
Difference 298.0493311882019
Start 1544908891.7484295
End 1544909180.7862477
Difference 289.03781819343567
Start 1544909180.8190856
End 1544909444.5710156
Difference 263.7519299983978
Start 1544909444.6048596
End 1544909719.0720878
Difference 274.4672281742096
Start 1544909719.1079757
End 1544910000.9017477
Difference 281.793771982193
Start 1544910000.9342206
End 1544910288.16873
Difference 287.2345094680786
Start 1544910288.2048743
End 1544910580.9238381
Difference 292.71896386146545
Start 1544910580.9560843
End 1544910871.8625295
Difference 290.9064452648163
Start 1544910871.8843021
End 1544911164.4950335
Difference 292.6107313632965
Start 1544911164.5268645
End 1544911466.2750483
Difference 301.7481837272644
Start 1544911466.3085244
End 1544911758.9176579
Difference 292.60913348197937
Start 1544911758.9502335
End 1544912035.4563925
Difference 276.50615906715393
Start 1544912035.4918327
End 1544912320.7862046
Difference 285.294371843338
Start 1544912320.8163702
End 1544912602.5515256
Difference 281.7351553440094
Start 1544912602.5854557
End 1544912887.9101434
Difference 285.3246877193451
Start 1544912887.9443784
End 1544913166.058462
Difference 278.1140835285187
Start 1544913166.098328
End 1544913449.623879
Difference 283.52555084228516
Start 1544913449.6505816
End 1544913731.4756162
Difference 281.8250346183777
Start 1544913731.5077221
End 1544914011.3586645
Difference 279.85094237327576
Start 1544914011.387135
End 1544914284.1117027
Difference 272.72456765174866
Start 1544914284.1464486
End 1544914542.3497992
Difference 258.20335054397583
Start 1544914542.3819456
End 1544914820.4168527
Difference 278.03490710258484
Start 1544914820.4500363
End 1544915103.843266
Difference 283.3932297229767
Start 1544915103.8759978
End 1544915371.2109685
Difference 267.33497071266174
Start 1544915371.242261
End 1544915640.4021423
Difference 269.1598813533783
Start 1544915640.4362192
End 1544915898.7028756
Difference 258.2666563987732
Start 1544915898.7362812
End 1544916182.3154163
Difference 283.57913517951965
Start 1544916182.349406
End 1544916476.7369726
Difference 294.3875665664673
Start 1544916476.7730768
End 1544916756.706104
Difference 279.93302726745605
Start 1544916756.739992
End 1544917045.6258469
Difference 288.8858549594879
Start 1544917045.8681455
End 1544917311.3025594
Difference 265.4344139099121
Start 1544917311.33833
End 1544917591.2394378
Difference 279.90110778808594
Start 1544917591.277023
End 1544917862.1353254
Difference 270.8583023548126
Start 1544917862.169882
End 1544918140.2157269
Difference 278.0458447933197
Start 1544918140.2515574
End 1544918411.085407
Difference 270.8338496685028
Start 1544918411.120202
End 1544918681.8843222
Difference 270.7641201019287
Start 1544918681.9191346
End 1544918956.3834908
Difference 274.46435618400574
Start 1544918956.413603
End 1544919220.049283
Difference 263.63567996025085
Start 1544919220.0941603
End 1544919483.6127207
Difference 263.5185604095459
Start 1544919483.6550405
End 1544919752.7043855
Difference 269.0493450164795
Start 1544919752.7393904
End 1544920016.3178787
Difference 263.57848834991455
