Could not find conda environment: py36
You can list all discoverable environments with `conda info --envs`.

/var/spool/slurmd/job16841236/slurm_script: line 12: cd: /global/homes/c/cju_lbl/PeculiarVelocity/pv/: No such file or directory
(5015, 5015)
Start 1544669632.8704047
End 1544669810.361311
Difference 177.4909062385559
Start 1544669810.4034622
End 1544669983.6294763
Difference 173.22601413726807
Start 1544669983.6673706
End 1544670153.737129
Difference 170.06975841522217
Start 1544670153.7647793
End 1544670322.7816656
Difference 169.01688623428345
Start 1544670322.8000896
End 1544670481.264882
Difference 158.4647924900055
Start 1544670481.2993908
End 1544670646.1282945
Difference 164.82890367507935
Start 1544670646.16084
End 1544670812.0172577
Difference 165.85641765594482
Start 1544670812.051361
End 1544670976.8610718
Difference 164.8097107410431
Start 1544670976.9545126
End 1544671144.9242418
Difference 167.96972918510437
Start 1544671144.9665363
End 1544671320.3915758
Difference 175.42503952980042
Start 1544671320.4303215
End 1544671488.3594813
Difference 167.92915987968445
Start 1544671488.3855505
End 1544671659.519898
Difference 171.13434743881226
Start 1544671659.549145
End 1544671824.3014984
Difference 164.7523534297943
Start 1544671824.333615
End 1544671984.8762665
Difference 160.54265141487122
Start 1544671984.9452903
End 1544672157.1363006
Difference 172.1910102367401
Start 1544672157.1651363
End 1544672323.0488968
Difference 165.8837604522705
Start 1544672323.0915346
End 1544672484.7228541
Difference 161.63131952285767
Start 1544672484.7565904
End 1544672651.6347892
Difference 166.8781988620758
Start 1544672651.6610243
End 1544672813.294228
Difference 161.6332037448883
Start 1544672813.3271356
End 1544672970.7449162
Difference 157.4177806377411
Start 1544672970.7697344
End 1544673130.3522444
Difference 159.58250999450684
Start 1544673130.3862267
End 1544673294.1899867
Difference 163.8037600517273
Start 1544673294.2123427
End 1544673462.1466005
Difference 167.9342577457428
Start 1544673462.1759598
End 1544673620.634908
Difference 158.45894813537598
Start 1544673620.662261
End 1544673786.5391288
Difference 165.87686777114868
Start 1544673786.5686908
End 1544673951.361971
Difference 164.7932801246643
Start 1544673951.3939466
End 1544674123.6390033
Difference 172.2450566291809
Start 1544674123.6671815
End 1544674289.5747836
Difference 165.90760207176208
Start 1544674289.6016924
End 1544674437.4971402
Difference 147.89544773101807
Start 1544674437.5202706
End 1544674605.504599
Difference 167.98432850837708
Start 1544674605.5282216
End 1544674761.8882418
Difference 156.36002016067505
Start 1544674761.9100966
End 1544674921.4825435
Difference 159.57244682312012
Start 1544674921.5156162
End 1544675079.9999788
Difference 158.4843626022339
Start 1544675080.0302525
End 1544675239.5687892
Difference 159.53853678703308
Start 1544675239.596065
End 1544675403.3609924
Difference 163.76492738723755
Start 1544675403.404903
End 1544675563.9724832
Difference 160.5675802230835
Start 1544675564.0070744
End 1544675720.3304956
Difference 156.3234212398529
Start 1544675720.362448
End 1544675874.6111493
Difference 154.24870133399963
Start 1544675874.6409307
End 1544676040.4608698
Difference 165.81993913650513
Start 1544676040.4980092
End 1544676197.858376
Difference 157.36036682128906
Start 1544676197.89028
End 1544676353.1700284
Difference 155.27974843978882
Start 1544676353.2056928
End 1544676520.0721118
Difference 166.86641907691956
Start 1544676520.1011684
End 1544676682.827799
Difference 162.72663068771362
Start 1544676682.8604054
End 1544676854.0339992
Difference 171.17359375953674
Start 1544676854.0669289
End 1544677012.5556533
Difference 158.48872447013855
Start 1544677012.5911322
End 1544677181.6241133
Difference 169.03298115730286
Start 1544677181.654474
End 1544677347.4632719
Difference 165.8087978363037
Start 1544677347.4915392
End 1544677510.1768606
Difference 162.68532133102417
Start 1544677510.2074187
End 1544677680.2564042
Difference 170.0489854812622
Start 1544677680.289858
End 1544677837.6961954
Difference 157.40633726119995
Start 1544677837.7287388
End 1544677998.2848651
Difference 160.55612635612488
Start 1544677998.3154552
End 1544678164.2210207
Difference 165.9055655002594
Start 1544678164.2518349
End 1544678319.5354385
Difference 155.2836036682129
Start 1544678319.5765953
End 1544678483.2943442
Difference 163.71774888038635
Start 1544678483.3244298
End 1544678650.2552674
Difference 166.9308376312256
Start 1544678650.2850814
End 1544678815.0734975
Difference 164.78841614723206
Start 1544678815.1019254
End 1544678983.079412
Difference 167.9774866104126
Start 1544678983.1123302
End 1544679153.220653
Difference 170.10832285881042
Start 1544679153.2449892
End 1544679327.5697846
Difference 174.32479548454285
Start 1544679327.6023874
End 1544679501.9113777
Difference 174.30899024009705
Start 1544679501.9378564
End 1544679656.136996
Difference 154.19913959503174
Start 1544679656.1639113
End 1544679817.8056583
Difference 161.64174699783325
Start 1544679817.8360224
End 1544679978.4051394
Difference 160.56911706924438
Start 1544679978.4359233
End 1544680132.6696768
Difference 154.23375344276428
Start 1544680132.702328
End 1544680285.888369
Difference 153.18604111671448
Start 1544680285.9200926
End 1544680442.3062506
Difference 156.38615798950195
Start 1544680442.340006
End 1544680599.8237045
Difference 157.4836983680725
Start 1544680599.859899
End 1544680763.6656094
Difference 163.80571031570435
Start 1544680763.6965697
End 1544680925.4007943
Difference 161.70422458648682
Start 1544680925.5250418
End 1544681085.1296682
Difference 159.60462641716003
Start 1544681085.1644812
End 1544681239.3751059
Difference 154.21062469482422
Start 1544681239.4383337
End 1544681394.7311673
Difference 155.29283356666565
Start 1544681394.9097328
End 1544681559.665712
Difference 164.7559792995453
Start 1544681560.2436264
End 1544681730.307455
Difference 170.06382870674133
Start 1544681730.4156466
End 1544681885.6831822
Difference 155.26753568649292
Start 1544681885.7156544
End 1544682050.4681795
Difference 164.75252509117126
Start 1544682050.4964778
End 1544682209.988685
Difference 159.4922070503235
Start 1544682210.017473
End 1544682369.5242543
Difference 159.50678133964539
Start 1544682369.543273
End 1544682540.66732
Difference 171.12404704093933
Start 1544682540.7023356
End 1544682707.5246806
Difference 166.82234501838684
Start 1544682707.5574415
End 1544682877.5972562
Difference 170.03981471061707
Start 1544682877.6320646
End 1544683043.4834812
Difference 165.8514165878296
Start 1544683043.5140235
End 1544683210.3927932
Difference 166.87876963615417
Start 1544683210.4329903
End 1544683380.5166187
Difference 170.0836284160614
Start 1544683380.5565116
End 1544683548.5338101
Difference 167.9772984981537
Start 1544683548.563852
End 1544683707.0400496
Difference 158.4761974811554
Start 1544683707.0700274
End 1544683872.9513814
Difference 165.88135409355164
Start 1544683872.9770179
End 1544684046.1927352
Difference 173.21571731567383
Start 1544684046.2199106
End 1544684206.7545307
Difference 160.5346200466156
Start 1544684206.7806137
End 1544684367.3230464
Difference 160.54243278503418
Start 1544684367.348518
End 1544684529.9359784
Difference 162.5874605178833
Start 1544684529.9718144
End 1544684686.2819998
Difference 156.31018543243408
Start 1544684686.3091078
End 1544684856.4034648
Difference 170.0943570137024
Start 1544684856.4378314
End 1544685014.8850236
Difference 158.44719219207764
Start 1544685014.9166796
End 1544685171.139175
Difference 156.2224953174591
Start 1544685171.1702342
End 1544685333.8109598
Difference 162.64072561264038
Start 1544685333.840397
End 1544685474.3309839
Difference 140.4905869960785
Start 1544685474.3572614
End 1544685618.044672
Difference 143.68741059303284
Start 1544685618.0705202
End 1544685765.9911618
Difference 147.9206416606903
Start 1544685766.0211482
End 1544685918.1449163
Difference 152.12376809120178
