Could not find conda environment: py36
You can list all discoverable environments with `conda info --envs`.

/var/spool/slurmd/job16841242/slurm_script: line 12: cd: /global/homes/c/cju_lbl/PeculiarVelocity/pv/: No such file or directory
(3023, 3023)
Start 1544892392.6365173
End 1544892454.9141922
Difference 62.27767491340637
Start 1544892454.9325788
End 1544892517.678557
Difference 62.745978116989136
Start 1544892517.7086816
End 1544892580.0568402
Difference 62.34815859794617
Start 1544892580.0718746
End 1544892641.3203747
Difference 61.24850010871887
Start 1544892641.3492856
End 1544892702.5892181
Difference 61.23993253707886
Start 1544892702.6163185
End 1544892762.3770077
Difference 59.76068925857544
Start 1544892762.4120066
End 1544892816.5602279
Difference 54.148221254348755
Start 1544892816.585272
End 1544892867.7669885
Difference 51.181716442108154
Start 1544892867.7906015
End 1544892923.0852
Difference 55.29459857940674
Start 1544892923.1124187
End 1544892982.1220849
Difference 59.009666204452515
Start 1544892982.151654
End 1544893038.556124
Difference 56.40446996688843
Start 1544893038.580976
End 1544893096.0444992
Difference 57.463523149490356
Start 1544893096.0707898
End 1544893155.0352778
Difference 58.96448802947998
Start 1544893155.0720906
End 1544893209.5852425
Difference 54.51315188407898
Start 1544893209.705379
End 1544893262.3226833
Difference 52.61730432510376
Start 1544893262.3468025
End 1544893317.968602
Difference 55.62179946899414
Start 1544893318.0123298
End 1544893373.2886682
Difference 55.27633833885193
Start 1544893373.329866
End 1544893427.1130075
Difference 53.78314161300659
Start 1544893427.13677
End 1544893483.1725554
Difference 56.03578543663025
Start 1544893483.2033846
End 1544893543.7155921
Difference 60.51220750808716
Start 1544893543.7430453
End 1544893599.399152
Difference 55.65610671043396
Start 1544893599.4261637
End 1544893658.449188
Difference 59.02302432060242
Start 1544893658.4835002
End 1544893713.7650445
Difference 55.28154420852661
Start 1544893713.7889767
End 1544893768.7029135
Difference 54.91393685340881
Start 1544893768.7287598
End 1544893825.4981997
Difference 56.769439935684204
Start 1544893825.5231318
End 1544893883.812429
Difference 58.289297103881836
Start 1544893883.8447776
End 1544893941.7267807
Difference 57.88200306892395
Start 1544893941.7648947
End 1544894001.5467572
Difference 59.78186249732971
Start 1544894001.572037
End 1544894059.8570433
Difference 58.285006284713745
Start 1544894059.8820996
End 1544894121.5522416
Difference 61.67014193534851
Start 1544894121.5782483
End 1544894183.5901887
Difference 62.011940479278564
Start 1544894183.6175036
End 1544894239.3115218
Difference 55.69401812553406
Start 1544894239.3396816
End 1544894296.1681094
Difference 56.82842779159546
Start 1544894296.1910548
End 1544894354.11797
Difference 57.92691516876221
Start 1544894354.1417954
End 1544894410.565668
Difference 56.42387270927429
Start 1544894410.5988371
End 1544894465.5275083
Difference 54.92867112159729
Start 1544894465.557411
End 1544894524.204424
Difference 58.64701294898987
Start 1544894524.2326937
End 1544894580.251093
Difference 56.018399238586426
Start 1544894580.2836144
End 1544894639.6845512
Difference 59.40093684196472
Start 1544894639.7208955
End 1544894698.0024235
Difference 58.28152799606323
Start 1544894698.040977
End 1544894758.2170193
Difference 60.176042318344116
Start 1544894758.252064
End 1544894815.8013022
Difference 57.549238204956055
Start 1544894815.8369882
End 1544894875.2209685
Difference 59.38398027420044
Start 1544894875.2379298
End 1544894937.2576451
Difference 62.019715309143066
Start 1544894937.2833674
End 1544894996.6940854
Difference 59.41071796417236
Start 1544894996.7237265
End 1544895054.65965
Difference 57.93592357635498
Start 1544895054.693339
End 1544895108.482454
Difference 53.7891149520874
Start 1544895108.514754
End 1544895167.9413693
Difference 59.4266152381897
Start 1544895167.9736495
End 1544895219.9446902
Difference 51.97104072570801
Start 1544895219.9744656
End 1544895272.6702018
Difference 52.69573616981506
Start 1544895272.699776
End 1544895329.4758606
Difference 56.776084661483765
Start 1544895329.505605
End 1544895387.7668762
Difference 58.261271238327026
Start 1544895387.8124828
End 1544895445.70905
Difference 57.89656710624695
Start 1544895445.7376652
End 1544895503.2449083
Difference 57.507243156433105
Start 1544895503.274249
End 1544895562.2943387
Difference 59.020089626312256
Start 1544895562.3229291
End 1544895620.6130807
Difference 58.290151596069336
Start 1544895620.6431885
End 1544895678.9734592
Difference 58.330270767211914
Start 1544895679.002909
End 1544895734.669334
Difference 55.66642498970032
Start 1544895734.6992726
End 1544895788.877238
Difference 54.17796540260315
Start 1544895788.9058404
End 1544895843.1002874
Difference 54.19444704055786
Start 1544895843.1298625
End 1544895901.416867
Difference 58.287004470825195
Start 1544895901.4436767
End 1544895955.6083899
Difference 54.16471314430237
Start 1544895955.6361134
End 1544896010.1882153
Difference 54.552101850509644
Start 1544896010.2099662
End 1544896069.9826922
Difference 59.77272605895996
Start 1544896070.0085979
End 1544896129.7607362
Difference 59.75213837623596
Start 1544896129.7896438
End 1544896187.6893716
Difference 57.8997278213501
Start 1544896187.725003
End 1544896246.398591
Difference 58.673588037490845
Start 1544896246.438081
End 1544896302.851914
Difference 56.413832902908325
Start 1544896302.8805015
End 1544896355.5608597
Difference 52.68035817146301
Start 1544896355.5998797
End 1544896412.3935866
Difference 56.7937068939209
Start 1544896412.4223924
End 1544896468.480082
Difference 56.05768966674805
Start 1544896468.5094392
End 1544896523.7947168
Difference 55.28527760505676
Start 1544896523.8239913
End 1544896579.0899181
Difference 55.26592683792114
Start 1544896579.1206667
End 1544896629.9306755
Difference 50.81000876426697
Start 1544896629.9579394
End 1544896684.1361892
Difference 54.17824983596802
Start 1544896684.1621869
End 1544896743.1932943
Difference 59.0311074256897
Start 1544896743.2108252
End 1544896801.8632734
Difference 58.65244817733765
Start 1544896801.8865361
End 1544896860.1641407
Difference 58.27760457992554
Start 1544896860.1896403
End 1544896915.8439484
Difference 55.65430808067322
Start 1544896915.872325
End 1544896972.6834052
Difference 56.81108021736145
Start 1544896972.7074327
End 1544897030.9883451
Difference 58.28091239929199
Start 1544897031.0515924
End 1544897084.841322
Difference 53.789729595184326
Start 1544897084.8606327
End 1544897140.5207672
Difference 55.6601345539093
Start 1544897140.5456874
End 1544897196.943031
Difference 56.39734363555908
Start 1544897196.9693701
End 1544897253.0132256
Difference 56.04385542869568
Start 1544897253.042443
End 1544897312.072163
Difference 59.029720067977905
Start 1544897312.0989113
End 1544897372.6442018
Difference 60.54529047012329
Start 1544897372.6734908
End 1544897433.568358
Difference 60.894867181777954
Start 1544897433.5970323
End 1544897493.7631383
Difference 60.16610598564148
Start 1544897493.7928286
End 1544897553.5723872
Difference 59.77955865859985
Start 1544897553.6032598
End 1544897611.9001422
Difference 58.29688239097595
Start 1544897611.9281921
End 1544897663.8702548
Difference 51.94206261634827
Start 1544897663.9022539
End 1544897718.0856757
Difference 54.18342185020447
Start 1544897718.1148741
End 1544897770.7951465
Difference 52.680272340774536
Start 1544897770.8254533
End 1544897830.2195652
Difference 59.39411187171936
Start 1544897830.2378924
End 1544897888.1201587
Difference 57.88226628303528
Start 1544897888.147758
End 1544897943.7902732
Difference 55.64251518249512
Start 1544897943.8210437
End 1544897997.9891896
Difference 54.16814589500427
Start 1544897998.0172696
End 1544898051.4497995
Difference 53.43252992630005
Start 1544898051.4827356
End 1544898108.6393926
Difference 57.156656980514526
