Could not find conda environment: py36
You can list all discoverable environments with `conda info --envs`.

/var/spool/slurmd/job16841277/slurm_script: line 12: cd: /global/homes/c/cju_lbl/PeculiarVelocity/pv/: No such file or directory
(3870, 3870)
Start 1544984473.6783924
End 1544984576.0651445
Difference 102.38675212860107
Start 1544984576.0942628
End 1544984676.610017
Difference 100.51575422286987
Start 1544984676.6396573
End 1544984772.7590706
Difference 96.11941337585449
Start 1544984772.7897012
End 1544984873.8762226
Difference 101.08652138710022
Start 1544984873.9075453
End 1544984972.5086327
Difference 98.60108733177185
Start 1544984972.5396488
End 1544985066.1269305
Difference 93.58728170394897
Start 1544985066.1572964
End 1544985167.29981
Difference 101.14251351356506
Start 1544985167.3291626
End 1544985263.4177465
Difference 96.08858394622803
Start 1544985263.4480836
End 1544985360.780072
Difference 97.33198833465576
Start 1544985360.805245
End 1544985463.2179246
Difference 102.41267967224121
Start 1544985463.2489855
End 1544985565.648081
Difference 102.39909553527832
Start 1544985565.6809268
End 1544985664.939458
Difference 99.25853109359741
Start 1544985664.9701622
End 1544985761.080112
Difference 96.10994982719421
Start 1544985761.110942
End 1544985856.5792732
Difference 95.4683313369751
Start 1544985856.6130838
End 1544985949.5594578
Difference 92.94637393951416
Start 1544985949.585228
End 1544986042.5507317
Difference 92.96550369262695
Start 1544986042.5839648
End 1544986144.3537586
Difference 101.76979374885559
Start 1544986144.3834496
End 1544986243.6347628
Difference 99.25131320953369
Start 1544986243.6637647
End 1544986343.5546944
Difference 99.89092969894409
Start 1544986343.5877056
End 1544986441.5870976
Difference 97.99939203262329
Start 1544986441.6233807
End 1544986536.5344107
Difference 94.91103005409241
Start 1544986536.5681221
End 1544986631.377809
Difference 94.80968689918518
Start 1544986631.410575
End 1544986735.0195334
Difference 103.60895848274231
Start 1544986735.0522537
End 1544986832.9902747
Difference 97.93802094459534
Start 1544986833.0256
End 1544986933.4914188
Difference 100.46581888198853
Start 1544986933.5239978
End 1544987029.564062
Difference 96.04006433486938
Start 1544987029.5949612
End 1544987125.5880296
Difference 95.99306845664978
Start 1544987125.6180403
End 1544987212.2432065
Difference 86.62516617774963
Start 1544987212.2826622
End 1544987304.543763
Difference 92.26110076904297
Start 1544987304.5691895
End 1544987401.2647078
Difference 96.69551825523376
Start 1544987401.2963548
End 1544987496.0196598
Difference 94.72330498695374
Start 1544987496.055303
End 1544987592.653189
Difference 96.59788584709167
Start 1544987592.6884866
End 1544987686.1965086
Difference 93.50802206993103
Start 1544987686.2264478
End 1544987781.0501406
Difference 94.8236927986145
Start 1544987781.1011195
End 1544987877.1985297
Difference 96.09741020202637
Start 1544987877.2215362
End 1544987976.9683664
Difference 99.74683022499084
Start 1544987977.0049927
End 1544988076.7905495
Difference 99.78555679321289
Start 1544988076.8234124
End 1544988173.51362
Difference 96.69020748138428
Start 1544988173.5440586
End 1544988277.7416499
Difference 104.19759130477905
Start 1544988277.7763789
End 1544988382.6246042
Difference 104.84822535514832
Start 1544988382.6581507
End 1544988482.4392605
Difference 99.78110980987549
Start 1544988482.4649906
End 1544988584.764697
Difference 102.29970645904541
Start 1544988584.783315
End 1544988678.9051623
Difference 94.12184739112854
Start 1544988678.9378703
End 1544988774.3475416
Difference 95.40967130661011
Start 1544988774.3784606
End 1544988874.8032324
Difference 100.42477178573608
Start 1544988874.8341835
End 1544988967.6839955
Difference 92.84981203079224
Start 1544988967.7258432
End 1544989068.8112187
Difference 101.08537554740906
Start 1544989068.8441422
End 1544989166.7876515
Difference 97.94350934028625
Start 1544989166.8218315
End 1544989256.000241
Difference 89.17840957641602
Start 1544989256.0384893
End 1544989350.8121681
Difference 94.77367877960205
Start 1544989350.8499935
End 1544989447.5408742
Difference 96.69088077545166
Start 1544989447.5703158
End 1544989544.2798572
Difference 96.70954132080078
Start 1544989544.3118336
End 1544989644.1174426
Difference 99.80560898780823
Start 1544989644.1521962
End 1544989737.056833
Difference 92.9046368598938
Start 1544989737.0891728
End 1544989828.713203
Difference 91.62403011322021
Start 1544989828.7497668
End 1544989926.0964925
Difference 97.34672570228577
Start 1544989926.1283162
End 1544990020.329974
Difference 94.20165777206421
Start 1544990020.3781688
End 1544990114.5357754
Difference 94.15760660171509
Start 1544990114.5737488
End 1544990206.8861625
Difference 92.31241369247437
Start 1544990206.918971
End 1544990301.7417927
Difference 94.82282161712646
Start 1544990301.7753942
End 1544990393.4957716
Difference 91.72037744522095
Start 1544990393.532349
End 1544990487.7445195
Difference 94.21217036247253
Start 1544990487.77445
End 1544990588.8806045
Difference 101.1061544418335
Start 1544990588.9118552
End 1544990687.5032053
Difference 98.59135007858276
Start 1544990687.5430968
End 1544990779.9012642
Difference 92.35816740989685
Start 1544990779.9326055
End 1544990874.1974173
Difference 94.26481175422668
Start 1544990874.2253997
End 1544990971.6392066
Difference 97.4138069152832
Start 1544990971.6703143
End 1544991065.2576447
Difference 93.58733034133911
Start 1544991065.2912161
End 1544991163.838305
Difference 98.54708886146545
Start 1544991163.8746388
End 1544991265.5748796
Difference 101.70024085044861
Start 1544991265.6094003
End 1544991362.9263828
Difference 97.31698250770569
Start 1544991362.9622781
End 1544991455.8920486
Difference 92.92977046966553
Start 1544991455.921165
End 1544991553.8378298
Difference 97.9166648387909
Start 1544991553.8638601
End 1544991644.8146393
Difference 90.95077919960022
Start 1544991644.8463871
End 1544991740.2011037
Difference 95.35471653938293
Start 1544991740.2247288
End 1544991829.34418
Difference 89.11945128440857
Start 1544991829.379256
End 1544991927.2753124
Difference 97.89605641365051
Start 1544991927.3055634
End 1544992018.9270887
Difference 91.62152528762817
Start 1544992018.951078
End 1544992113.0372577
Difference 94.08617973327637
Start 1544992113.07267
End 1544992209.1117783
Difference 96.03910827636719
Start 1544992209.133164
End 1544992303.8756475
Difference 94.74248361587524
Start 1544992303.9064531
End 1544992400.5212808
Difference 96.61482763290405
Start 1544992400.5438344
End 1544992494.0377629
Difference 93.4939284324646
Start 1544992494.0737476
End 1544992588.786263
Difference 94.7125153541565
Start 1544992588.8147051
End 1544992684.848671
Difference 96.03396582603455
Start 1544992684.8723938
End 1544992786.5397024
Difference 101.66730856895447
Start 1544992786.5730252
End 1544992889.4436734
Difference 102.87064814567566
Start 1544992889.4730444
End 1544992985.5360148
Difference 96.06297039985657
Start 1544992985.5607398
End 1544993083.4772878
Difference 97.91654801368713
Start 1544993083.5053563
End 1544993175.7877593
Difference 92.28240299224854
Start 1544993175.8207235
End 1544993270.6431148
Difference 94.82239127159119
Start 1544993270.740227
End 1544993367.402808
Difference 96.66258096694946
Start 1544993367.433221
End 1544993464.7159605
Difference 97.28273940086365
Start 1544993464.740191
End 1544993561.4337382
Difference 96.69354724884033
Start 1544993561.4652667
End 1544993658.1734571
Difference 96.70819044113159
Start 1544993658.1984093
End 1544993756.1248057
Difference 97.92639636993408
Start 1544993756.1610143
End 1544993854.724928
Difference 98.5639135837555
Start 1544993854.7633023
End 1544993957.121815
Difference 102.35851263999939
Start 1544993957.153431
End 1544994055.1172867
Difference 97.9638557434082
Start 1544994055.1472592
End 1544994155.5711691
Difference 100.42390990257263
