Could not find conda environment: py36
You can list all discoverable environments with `conda info --envs`.

/var/spool/slurmd/job16806631/slurm_script: line 12: cd: /global/homes/c/cju_lbl/PeculiarVelocity/pv/: No such file or directory
Start 1543933503.527917
End 1543934303.7053998
Difference 800.177482843399
Start 1543934303.751964
End 1543935104.1152246
Difference 800.3632605075836
Start 1543935104.15277
End 1543935880.5736854
Difference 776.4209153652191
Start 1543935880.6127124
End 1543936647.5960865
Difference 766.9833741188049
Start 1543936647.640058
End 1543937391.1153176
Difference 743.4752595424652
Start 1543937391.1591856
End 1543938135.6822286
Difference 744.5230429172516
Start 1543938135.7291873
End 1543938851.7693734
Difference 716.0401861667633
Start 1543938851.8089917
End 1543939596.5812829
Difference 744.7722911834717
Start 1543939596.6343746
End 1543940312.5486135
Difference 715.9142389297485
Start 1543940312.5868633
End 1543941009.5435228
Difference 696.9566595554352
Start 1543941009.5866547
End 1543941749.4703934
Difference 739.8837387561798
Start 1543941749.5301797
End 1543942446.4934077
Difference 696.9632279872894
Start 1543942446.5294194
End 1543943172.1995733
Difference 725.6701538562775
Start 1543943172.2361984
End 1543943883.618584
Difference 711.3823854923248
Start 1543943883.66959
End 1543944580.7517235
Difference 697.0821335315704
Start 1543944580.792423
End 1543945337.3515959
Difference 756.5591728687286
Start 1543945337.3963773
End 1543946082.5110753
Difference 745.114697933197
Start 1543946082.5519981
End 1543946808.260167
Difference 725.7081687450409
Start 1543946808.3035307
End 1543947520.5554109
Difference 712.2518801689148
Start 1543947520.6101685
End 1543948184.7259312
Difference 664.1157627105713
Start 1543948184.7640383
End 1543948896.260567
Difference 711.4965286254883
Start 1543948896.2995968
End 1543949626.8273194
Difference 730.5277225971222
Start 1543949626.878335
End 1543950352.6662235
Difference 725.7878885269165
Start 1543950352.715375
End 1543951073.379711
Difference 720.6643359661102
Start 1543951073.422357
End 1543951784.7208853
Difference 711.2985281944275
Start 1543951784.7622695
End 1543952543.7688324
Difference 759.0065629482269
Start 1543952543.812885
End 1543953274.3296542
Difference 730.5167691707611
Start 1543953274.375134
End 1543954019.1484668
Difference 744.7733328342438
Start 1543954019.191416
End 1543954730.53354
Difference 711.3421239852905
Start 1543954730.5761585
End 1543955427.644869
Difference 697.068710565567
Start 1543955427.6925633
End 1543956158.1582124
Difference 730.4656491279602
Start 1543956158.2031298
End 1543956907.6921709
Difference 749.4890410900116
Start 1543956907.728262
End 1543957661.8750825
Difference 754.1468205451965
Start 1543957661.9203854
End 1543958454.304607
Difference 792.3842215538025
Start 1543958454.3451025
End 1543959151.35341
Difference 697.0083074569702
Start 1543959151.3982835
End 1543959853.1454246
Difference 701.747141122818
Start 1543959853.1881726
End 1543960583.7101977
Difference 730.5220251083374
Start 1543960583.7535307
End 1543961299.807803
Difference 716.0542721748352
Start 1543961299.8488624
End 1543962082.6105645
Difference 782.7617020606995
Start 1543962082.654104
End 1543962812.8712714
Difference 730.2171673774719
Start 1543962812.916516
End 1543963571.8086426
Difference 758.8921265602112
Start 1543963571.8530557
End 1543964311.719277
Difference 739.8662211894989
Start 1543964311.759831
End 1543965046.7162588
Difference 734.9564278125763
Start 1543965046.7797775
End 1543965767.5527408
Difference 720.7729632854462
Start 1543965767.5974483
End 1543966502.8834672
Difference 735.2860188484192
Start 1543966502.9270356
End 1543967257.3825035
Difference 754.4554679393768
Start 1543967257.4360967
End 1543968016.6224988
Difference 759.1864020824432
Start 1543968016.665366
End 1543968761.473734
Difference 744.8083679676056
Start 1543968761.5165255
End 1543969463.4401448
Difference 701.9236192703247
Start 1543969463.490112
End 1543970179.7269258
Difference 716.2368137836456
Start 1543970179.7701344
End 1543970977.285025
Difference 797.5148904323578
Start 1543970977.330884
End 1543971755.5728421
Difference 778.2419581413269
Start 1543971755.6120112
End 1543972533.8930507
Difference 778.2810394763947
Start 1543972533.9414454
End 1543973278.8524404
Difference 744.9109950065613
Start 1543973278.9015741
End 1543973971.2011027
Difference 692.2995285987854
Start 1543973971.246133
End 1543974706.5486166
Difference 735.3024835586548
Start 1543974706.590196
End 1543975437.1461155
Difference 730.5559196472168
Start 1543975437.188209
End 1543976158.2972107
Difference 721.1090016365051
Start 1543976158.337711
End 1543976855.3893025
Difference 697.0515913963318
Start 1543976855.437126
End 1543977548.039247
Difference 692.6021211147308
Start 1543977548.0824497
End 1543978231.1482875
Difference 683.0658378601074
Start 1543978231.194106
End 1543978928.120094
Difference 696.9259879589081
Start 1543978928.1640017
End 1543979706.0644667
Difference 777.9004650115967
Start 1543979706.1087701
End 1543980428.193262
Difference 722.0844919681549
Start 1543980428.2354703
End 1543981173.3471787
Difference 745.1117084026337
Start 1543981173.3889647
End 1543981837.2095385
Difference 663.8205738067627
Start 1543981837.25552
End 1543982515.0741699
Difference 677.8186497688293
Start 1543982515.1135836
End 1543983245.484381
Difference 730.3707973957062
Start 1543983245.5305865
End 1543984009.1949594
Difference 763.66437292099
Start 1543984009.2420516
End 1543984715.7133346
Difference 706.4712829589844
Start 1543984715.752066
End 1543985445.8639455
Difference 730.1118795871735
Start 1543985445.9067628
End 1543986171.26731
Difference 725.3605470657349
Start 1543986171.315227
End 1543986915.7393827
Difference 744.4241557121277
Start 1543986915.7870712
End 1543987631.4320312
Difference 715.6449599266052
Start 1543987631.4820108
End 1543988385.376361
Difference 753.8943500518799
Start 1543988385.4201293
End 1543989124.9370995
Difference 739.5169701576233
Start 1543989124.9772377
End 1543989859.659042
Difference 734.6818041801453
Start 1543989859.8412187
End 1543990561.3518734
Difference 701.5106546878815
Start 1543990561.4169858
End 1543991229.6976821
Difference 668.2806963920593
Start 1543991229.739841
End 1543991931.3617823
Difference 701.6219413280487
Start 1543991931.4090219
End 1543992652.4870229
Difference 721.0780010223389
Start 1543992652.519958
End 1543993387.791126
Difference 735.2711679935455
Start 1543993387.850519
End 1543994113.2147071
Difference 725.3641881942749
Start 1543994113.2671776
End 1543994757.7195556
Difference 644.4523780345917
Start 1543994757.7661352
End 1543995473.9096582
Difference 716.143522977829
Start 1543995473.956648
End 1543996194.7110548
Difference 720.7544066905975
Start 1543996194.7465115
End 1543996877.1888244
Difference 682.4423129558563
Start 1543996877.2321084
End 1543997521.6763902
Difference 644.4442818164825
Start 1543997521.7187777
End 1543998228.28784
Difference 706.5690622329712
Start 1543998228.3305352
End 1543998910.8870625
Difference 682.5565273761749
Start 1543998910.9315395
End 1543999593.441702
Difference 682.5101623535156
Start 1543999593.485374
End 1544000285.6213384
Difference 692.1359643936157
Start 1544000285.6714237
End 1544001049.4841583
Difference 763.8127346038818
Start 1544001049.5428624
End 1544001774.988582
Difference 725.4457194805145
Start 1544001775.0362244
End 1544002510.3972356
Difference 735.3610112667084
Start 1544002510.4471807
End 1544003255.111811
Difference 744.6646301746368
Start 1544003255.1632273
End 1544003942.4540317
Difference 687.2908043861389
Start 1544003942.5011966
End 1544004667.9829338
Difference 725.4817371368408
Start 1544004668.021282
End 1544005403.167691
Difference 735.146409034729
Start 1544005403.212435
End 1544006128.8483193
Difference 725.6358842849731
