Could not find conda environment: py36
You can list all discoverable environments with `conda info --envs`.

/var/spool/slurmd/job16841225/slurm_script: line 12: cd: /global/homes/c/cju_lbl/PeculiarVelocity/pv/: No such file or directory
(6491, 6491)
Start 1544614740.4063015
End 1544615039.7964065
Difference 299.390105009079
Start 1544615039.8302894
End 1544615337.5251613
Difference 297.6948719024658
Start 1544615337.5741487
End 1544615626.2866006
Difference 288.71245193481445
Start 1544615626.328163
End 1544615918.5674527
Difference 292.2392897605896
Start 1544615918.6122448
End 1544616202.0427344
Difference 283.4304895401001
Start 1544616202.0728314
End 1544616497.9607399
Difference 295.8879084587097
Start 1544616497.9985926
End 1544616790.2473009
Difference 292.2487082481384
Start 1544616790.2893932
End 1544617071.9047246
Difference 281.6153314113617
Start 1544617071.9386163
End 1544617364.3484952
Difference 292.4098789691925
Start 1544617364.3935351
End 1544617640.6181543
Difference 276.22461915016174
Start 1544617640.6583855
End 1544617909.8061988
Difference 269.1478133201599
Start 1544617909.8439972
End 1544618177.188013
Difference 267.3440158367157
Start 1544618177.2111387
End 1544618442.8449383
Difference 265.6337995529175
Start 1544618442.8696527
End 1544618719.0518556
Difference 276.1822028160095
Start 1544618719.0939314
End 1544618981.0782838
Difference 261.984352350235
Start 1544618981.15169
End 1544619253.8068829
Difference 272.65519285202026
Start 1544619253.841395
End 1544619533.6773846
Difference 279.8359897136688
Start 1544619533.7054222
End 1544619795.6242177
Difference 261.9187955856323
Start 1544619795.6661642
End 1544620064.850453
Difference 269.1842887401581
Start 1544620064.8881254
End 1544620342.933467
Difference 278.0453414916992
Start 1544620342.9716463
End 1544620615.7458904
Difference 272.7742440700531
Start 1544620615.781037
End 1544620902.650412
Difference 286.86937499046326
Start 1544620902.682921
End 1544621186.0520027
Difference 283.36908173561096
Start 1544621186.0852995
End 1544621453.4615376
Difference 267.3762381076813
Start 1544621453.4939172
End 1544621735.0742295
Difference 281.5803122520447
Start 1544621735.1068976
End 1544622016.6724586
Difference 281.5655610561371
Start 1544622016.7008047
End 1544622301.8271444
Difference 285.126339673996
Start 1544622301.8612857
End 1544622554.974978
Difference 253.11369228363037
Start 1544622554.9965801
End 1544622824.1219401
Difference 269.12536001205444
Start 1544622824.1797466
End 1544623105.709562
Difference 281.52981543540955
Start 1544623105.7430868
End 1544623387.289739
Difference 281.54665207862854
Start 1544623387.3194249
End 1544623659.9687119
Difference 272.64928698539734
Start 1544623660.0025144
End 1544623943.3297224
Difference 283.3272080421448
Start 1544623943.361291
End 1544624232.1606853
Difference 288.79939436912537
Start 1544624232.1929305
End 1544624501.3148043
Difference 269.1218738555908
Start 1544624501.3607419
End 1544624781.1144288
Difference 279.7536869049072
Start 1544624781.1569786
End 1544625030.6327367
Difference 249.4757580757141
Start 1544625030.8984287
End 1544625303.747873
Difference 272.84944438934326
Start 1544625303.780619
End 1544625585.5359745
Difference 281.75535559654236
Start 1544625585.5698159
End 1544625863.7576904
Difference 278.18787455558777
Start 1544625863.7899656
End 1544626143.6997979
Difference 279.909832239151
Start 1544626143.7353034
End 1544626420.1481588
Difference 276.412855386734
Start 1544626420.4365842
End 1544626685.8328505
Difference 265.3962662220001
Start 1544626685.8656802
End 1544626963.8991127
Difference 278.0334324836731
Start 1544626964.0868254
End 1544627236.7103057
Difference 272.6234803199768
Start 1544627236.7510931
End 1544627525.2580662
Difference 288.506973028183
Start 1544627525.2914016
End 1544627817.4785697
Difference 292.1871681213379
Start 1544627817.5140793
End 1544628102.6160448
Difference 285.1019654273987
Start 1544628102.6469138
End 1544628382.3861089
Difference 279.7391951084137
Start 1544628382.4314492
End 1544628658.6630118
Difference 276.2315626144409
Start 1544628658.7082436
End 1544628938.5224602
Difference 279.81421661376953
Start 1544628938.5681674
End 1544629223.6659153
Difference 285.0977478027344
Start 1544629223.6948454
End 1544629478.3739762
Difference 254.6791307926178
Start 1544629478.4121816
End 1544629751.1183784
Difference 272.70619678497314
Start 1544629751.152922
End 1544630025.6535454
Difference 274.50062346458435
Start 1544630025.685054
End 1544630314.348167
Difference 288.66311287879944
Start 1544630314.3821845
End 1544630583.4432256
Difference 269.0610411167145
Start 1544630583.4833395
End 1544630859.6870909
Difference 276.2037513256073
Start 1544630859.7305605
End 1544631125.2206664
Difference 265.49010586738586
Start 1544631125.2699564
End 1544631381.8132918
Difference 256.54333543777466
Start 1544631381.847195
End 1544631649.1196117
Difference 267.27241683006287
Start 1544631649.155231
End 1544631919.92648
Difference 270.7712490558624
Start 1544631919.9648337
End 1544632204.9663308
Difference 285.0014970302582
Start 1544632204.999721
End 1544632479.3829627
Difference 274.3832416534424
Start 1544632479.4187186
End 1544632750.1973686
Difference 270.7786500453949
Start 1544632750.2333097
End 1544633029.958621
Difference 279.7253112792969
Start 1544633029.9950802
End 1544633302.6410568
Difference 272.6459765434265
Start 1544633302.6897213
End 1544633569.8570335
Difference 267.16731214523315
Start 1544633569.8896248
End 1544633840.6942348
Difference 270.8046100139618
Start 1544633840.7271876
End 1544634113.42583
Difference 272.69864225387573
Start 1544634113.473268
End 1544634380.6605244
Difference 267.18725633621216
Start 1544634380.7027264
End 1544634658.5841439
Difference 277.8814175128937
Start 1544634658.6196551
End 1544634931.273254
Difference 272.6535987854004
Start 1544634931.3092904
End 1544635203.8920076
Difference 272.5827171802521
Start 1544635203.924308
End 1544635480.1466923
Difference 276.22238421440125
Start 1544635480.1806293
End 1544635759.8814592
Difference 279.70082998275757
Start 1544635759.9246728
End 1544636030.6842597
Difference 270.7595868110657
Start 1544636030.7400303
End 1544636285.4558928
Difference 254.7158625125885
Start 1544636285.4957407
End 1544636559.8318856
Difference 274.3361449241638
Start 1544636559.8757477
End 1544636848.441379
Difference 288.5656313896179
Start 1544636848.4663491
End 1544637137.106107
Difference 288.6397578716278
Start 1544637137.1443095
End 1544637400.8690841
Difference 263.7247745990753
Start 1544637400.9065897
End 1544637678.8876524
Difference 277.98106265068054
Start 1544637678.9255185
End 1544637958.6531081
Difference 279.72758960723877
Start 1544637958.705877
End 1544638245.6072383
Difference 286.9013612270355
Start 1544638245.6449664
End 1544638512.836146
Difference 267.19117975234985
Start 1544638512.8796072
End 1544638773.0044243
Difference 260.12481713294983
Start 1544638773.0580716
End 1544639047.4326181
Difference 274.37454652786255
Start 1544639047.472393
End 1544639320.0783694
Difference 272.6059763431549
Start 1544639320.1160195
End 1544639598.0482311
Difference 277.93221163749695
Start 1544639598.0832922
End 1544639870.59259
Difference 272.5092978477478
Start 1544639870.6373284
End 1544640143.2188737
Difference 272.5815453529358
Start 1544640143.2696023
End 1544640426.527847
Difference 283.2582447528839
Start 1544640426.5554063
End 1544640695.5165412
Difference 268.9611349105835
Start 1544640695.5819442
End 1544640955.6396077
Difference 260.05766344070435
Start 1544640955.6829777
End 1544641229.9939513
Difference 274.3109736442566
Start 1544641230.0389194
End 1544641499.0381262
Difference 268.99920678138733
Start 1544641499.0725312
End 1544641758.9527476
Difference 259.88021636009216
Start 1544641758.9877264
End 1544642035.1278021
Difference 276.14007568359375
Start 1544642035.159218
End 1544642311.1465778
Difference 275.9873597621918
