Could not find conda environment: py36
You can list all discoverable environments with `conda info --envs`.

/var/spool/slurmd/job16805660/slurm_script: line 12: cd: /global/homes/c/cju_lbl/PeculiarVelocity/pv/: No such file or directory
(506, 506)
Start 1543930061.6685622
End 1543930062.2348793
Difference 0.566317081451416
Start 1543930062.2522933
End 1543930062.7197142
Difference 0.4674208164215088
Start 1543930062.7332637
End 1543930063.1782022
Difference 0.44493842124938965
Start 1543930063.19407
End 1543930063.6421404
Difference 0.4480702877044678
Start 1543930063.6576848
End 1543930064.1095757
Difference 0.4518909454345703
Start 1543930064.121162
End 1543930064.555432
Difference 0.43427014350891113
Start 1543930064.576628
End 1543930064.9740367
Difference 0.39740872383117676
Start 1543930064.9860792
End 1543930065.4204214
Difference 0.4343421459197998
Start 1543930065.43677
End 1543930065.880618
Difference 0.4438481330871582
Start 1543930065.8954344
End 1543930066.3193371
Difference 0.4239027500152588
Start 1543930066.3348472
End 1543930066.768092
Difference 0.4332447052001953
Start 1543930066.7855935
End 1543930067.224105
Difference 0.43851137161254883
Start 1543930067.2423143
End 1543930067.670475
Difference 0.4281606674194336
Start 1543930067.6874688
End 1543930068.1481965
Difference 0.4607276916503906
Start 1543930068.1642196
End 1543930068.574326
Difference 0.4101064205169678
Start 1543930068.6011307
End 1543930069.0507278
Difference 0.4495971202850342
Start 1543930069.0622373
End 1543930069.5123417
Difference 0.4501044750213623
Start 1543930069.5235238
End 1543930069.9287565
Difference 0.40523266792297363
Start 1543930069.9455187
End 1543930070.327493
Difference 0.3819742202758789
Start 1543930070.339673
End 1543930070.7501018
Difference 0.4104287624359131
Start 1543930070.7609837
End 1543930071.1879802
Difference 0.42699646949768066
Start 1543930071.2101145
End 1543930071.6626735
Difference 0.4525589942932129
Start 1543930071.6886163
End 1543930072.14157
Difference 0.4529538154602051
Start 1543930072.1584423
End 1543930072.6139677
Difference 0.45552539825439453
Start 1543930072.6297207
End 1543930073.0487869
Difference 0.4190661907196045
Start 1543930073.0605965
End 1543930073.4881792
Difference 0.4275827407836914
Start 1543930073.5049376
End 1543930073.9214385
Difference 0.4165008068084717
Start 1543930073.9449737
End 1543930074.354714
Difference 0.4097402095794678
Start 1543930074.3724403
End 1543930074.7681832
Difference 0.39574289321899414
Start 1543930074.7803986
End 1543930075.1564684
Difference 0.3760697841644287
Start 1543930075.1790054
End 1543930075.566963
Difference 0.3879575729370117
Start 1543930075.5805383
End 1543930076.0025947
Difference 0.4220564365386963
Start 1543930076.0183535
End 1543930076.4592502
Difference 0.44089674949645996
Start 1543930076.4716434
End 1543930076.8983226
Difference 0.4266791343688965
Start 1543930076.9044542
End 1543930077.332622
Difference 0.42816781997680664
Start 1543930077.345002
End 1543930077.7662687
Difference 0.4212667942047119
Start 1543930077.7776237
End 1543930078.2208507
Difference 0.44322705268859863
Start 1543930078.2506702
End 1543930078.7025511
Difference 0.45188093185424805
Start 1543930078.7149217
End 1543930079.1370292
Difference 0.422107458114624
Start 1543930079.1491365
End 1543930079.5336432
Difference 0.3845067024230957
Start 1543930079.547679
End 1543930079.973071
Difference 0.42539215087890625
Start 1543930079.9850194
End 1543930080.3658237
Difference 0.38080430030822754
Start 1543930080.3784184
End 1543930080.7710474
Difference 0.39262890815734863
Start 1543930080.7845528
End 1543930081.2110326
Difference 0.4264798164367676
Start 1543930081.2234924
End 1543930081.6646006
Difference 0.44110822677612305
Start 1543930081.6764274
End 1543930082.1203692
Difference 0.4439418315887451
Start 1543930082.1331322
End 1543930082.5571048
Difference 0.42397260665893555
Start 1543930082.5730355
End 1543930083.0199687
Difference 0.4469332695007324
Start 1543930083.0330184
End 1543930083.465623
Difference 0.4326045513153076
Start 1543930083.4825666
End 1543930083.891749
Difference 0.4091823101043701
Start 1543930083.903084
End 1543930084.3292415
Difference 0.42615747451782227
Start 1543930084.3437
End 1543930084.7933486
Difference 0.4496486186981201
Start 1543930084.811491
End 1543930085.2059824
Difference 0.39449143409729004
Start 1543930085.2192295
End 1543930085.631951
Difference 0.4127216339111328
Start 1543930085.6436386
End 1543930086.0394974
Difference 0.3958587646484375
Start 1543930086.0514402
End 1543930086.444767
Difference 0.3933267593383789
Start 1543930086.4561756
End 1543930086.8550317
Difference 0.39885616302490234
Start 1543930086.8669055
End 1543930087.2749488
Difference 0.40804338455200195
Start 1543930087.28647
End 1543930087.7393637
Difference 0.4528937339782715
Start 1543930087.7620988
End 1543930088.1664674
Difference 0.40436863899230957
Start 1543930088.1966062
End 1543930088.6013434
Difference 0.4047372341156006
Start 1543930088.6153884
End 1543930089.025739
Difference 0.4103505611419678
Start 1543930089.046009
End 1543930089.4589353
Difference 0.41292619705200195
Start 1543930089.4718556
End 1543930089.9072092
Difference 0.43535351753234863
Start 1543930089.918869
End 1543930090.3490045
Difference 0.43013548851013184
Start 1543930090.365875
End 1543930090.7646801
Difference 0.3988051414489746
Start 1543930090.775262
End 1543930091.2167087
Difference 0.44144654273986816
Start 1543930091.2324848
End 1543930091.6449115
Difference 0.4124267101287842
Start 1543930091.6607678
End 1543930092.1020741
Difference 0.44130635261535645
Start 1543930092.1146367
End 1543930092.556764
Difference 0.4421272277832031
Start 1543930092.5691147
End 1543930092.9937854
Difference 0.4246706962585449
Start 1543930093.0060036
End 1543930093.4395604
Difference 0.43355679512023926
Start 1543930093.4510212
End 1543930093.8864417
Difference 0.43542051315307617
Start 1543930093.9010396
End 1543930094.339499
Difference 0.4384593963623047
Start 1543930094.3516285
End 1543930094.774673
Difference 0.42304444313049316
Start 1543930094.7904706
End 1543930095.2131722
Difference 0.4227015972137451
Start 1543930095.2275903
End 1543930095.649502
Difference 0.42191171646118164
Start 1543930095.668476
End 1543930096.0821264
Difference 0.4136502742767334
Start 1543930096.0949626
End 1543930096.494016
Difference 0.39905333518981934
Start 1543930096.50938
End 1543930096.9485748
Difference 0.4391946792602539
Start 1543930096.96544
End 1543930097.3754437
Difference 0.410003662109375
Start 1543930097.3885617
End 1543930097.8105242
Difference 0.4219624996185303
Start 1543930097.8252316
End 1543930098.2497785
Difference 0.4245469570159912
Start 1543930098.263594
End 1543930098.7087927
Difference 0.44519877433776855
Start 1543930098.7209165
End 1543930099.157031
Difference 0.4361145496368408
Start 1543930099.1720862
End 1543930099.6076467
Difference 0.4355604648590088
Start 1543930099.6200664
End 1543930100.0703626
Difference 0.45029616355895996
Start 1543930100.0838842
End 1543930100.5199735
Difference 0.43608927726745605
Start 1543930100.5325093
End 1543930100.959923
Difference 0.4274137020111084
Start 1543930100.973979
End 1543930101.4066622
Difference 0.43268322944641113
Start 1543930101.419994
End 1543930101.8451922
Difference 0.4251980781555176
Start 1543930101.861297
End 1543930102.2883909
Difference 0.4270939826965332
Start 1543930102.3016157
End 1543930102.7319584
Difference 0.4303426742553711
Start 1543930102.7458284
End 1543930103.1448672
Difference 0.39903879165649414
Start 1543930103.1704981
End 1543930103.566846
Difference 0.3963477611541748
Start 1543930103.576725
End 1543930103.9871154
Difference 0.41039037704467773
Start 1543930103.9981987
End 1543930104.3883169
Difference 0.3901181221008301
Start 1543930104.4013515
End 1543930104.794287
Difference 0.39293551445007324
Start 1543930104.8084562
End 1543930105.2241597
Difference 0.41570353507995605
Start 1543930105.2381818
End 1543930105.6680787
Difference 0.42989683151245117
