Could not find conda environment: py36
You can list all discoverable environments with `conda info --envs`.

/var/spool/slurmd/job16765543/slurm_script: line 12: cd: /global/homes/c/cju_lbl/PeculiarVelocity/pv/: No such file or directory
Start 1543737376.9542522
End 1543738158.2822542
Difference 781.3280019760132
Start 1543738158.3689795
End 1543738930.4740822
Difference 772.1051027774811
Start 1543738930.5158749
End 1543739693.5297146
Difference 763.0138397216797
Start 1543739693.5797656
End 1543740423.9619725
Difference 730.3822069168091
Start 1543740424.06399
End 1543741163.746706
Difference 739.6827158927917
Start 1543741163.7903621
End 1543741898.6783986
Difference 734.8880364894867
Start 1543741898.7219694
End 1543742610.4203804
Difference 711.698410987854
Start 1543742610.464799
End 1543743363.847382
Difference 753.3825831413269
Start 1543743363.8986437
End 1543744112.2890604
Difference 748.3904166221619
Start 1543744112.3381526
End 1543744837.7647777
Difference 725.4266250133514
Start 1543744837.8074744
End 1543745530.7627594
Difference 692.9552850723267
Start 1543745530.7988632
End 1543746284.4225867
Difference 753.6237235069275
Start 1543746284.4612954
End 1543746982.0362532
Difference 697.5749578475952
Start 1543746982.0812027
End 1543747707.9910061
Difference 725.9098033905029
Start 1543747708.027195
End 1543748428.8957627
Difference 720.8685677051544
Start 1543748428.9423232
End 1543749121.9781818
Difference 693.035858631134
Start 1543749122.0246756
End 1543749861.680335
Difference 739.6556594371796
Start 1543749861.7229342
End 1543750564.071046
Difference 702.3481118679047
Start 1543750564.1144652
End 1543751220.0150821
Difference 655.9006168842316
Start 1543751220.0568469
End 1543751922.4545336
Difference 702.3976867198944
Start 1543751922.5016563
End 1543752624.892602
Difference 702.3909456729889
Start 1543752624.9377792
End 1543753336.6582572
Difference 711.7204780578613
Start 1543753336.7110913
End 1543754048.5735419
Difference 711.8624505996704
Start 1543754048.672212
End 1543754755.8021362
Difference 707.1299242973328
Start 1543754755.8428555
End 1543755495.5659707
Difference 739.7231152057648
Start 1543755495.6074946
End 1543756249.1442916
Difference 753.5367970466614
Start 1543756249.1960504
End 1543757016.8309758
Difference 767.634925365448
Start 1543757016.8747938
End 1543757788.995174
Difference 772.1203801631927
Start 1543757789.03936
End 1543758514.7293842
Difference 725.690024137497
Start 1543758514.7761984
End 1543759240.3579998
Difference 725.5818014144897
Start 1543759240.3979886
End 1543759919.4044168
Difference 679.0064282417297
Start 1543759919.4455934
End 1543760621.8009484
Difference 702.3553550243378
Start 1543760621.852058
End 1543761356.658679
Difference 734.8066210746765
Start 1543761356.7017295
End 1543762105.5478363
Difference 748.8461067676544
Start 1543762105.5881565
End 1543762821.8573685
Difference 716.2692120075226
Start 1543762821.8999598
End 1543763524.257356
Difference 702.3573961257935
Start 1543763524.300038
End 1543764203.355793
Difference 679.0557548999786
Start 1543764203.3953836
End 1543764873.0891752
Difference 669.6937916278839
Start 1543764873.1331077
End 1543765584.669087
Difference 711.5359792709351
Start 1543765584.7161613
End 1543766310.21137
Difference 725.4952087402344
Start 1543766310.260091
End 1543767059.029158
Difference 748.7690670490265
Start 1543767059.0691378
End 1543767770.6396797
Difference 711.5705418586731
Start 1543767770.6882043
End 1543768486.9770994
Difference 716.2888951301575
Start 1543768487.0215342
End 1543769180.156163
Difference 693.1346287727356
Start 1543769180.1976514
End 1543769919.6431189
Difference 739.4454674720764
Start 1543769919.687924
End 1543770612.7393262
Difference 693.0514023303986
Start 1543770612.782912
End 1543771361.5646029
Difference 748.7816908359528
Start 1543771361.6103992
End 1543772096.2922714
Difference 734.6818721294403
Start 1543772096.337211
End 1543772789.306712
Difference 692.9695010185242
Start 1543772789.3583024
End 1543773482.1454191
Difference 692.787116765976
Start 1543773482.1915677
End 1543774244.8568358
Difference 762.6652681827545
Start 1543774244.887021
End 1543774988.8364632
Difference 743.9494421482086
Start 1543774988.8809073
End 1543775677.1638348
Difference 688.2829275131226
Start 1543775677.2061727
End 1543776356.1119614
Difference 678.9057886600494
Start 1543776356.1623096
End 1543777058.3344915
Difference 702.1721818447113
Start 1543777058.3794997
End 1543777704.7598023
Difference 646.3803026676178
Start 1543777704.809787
End 1543778420.793664
Difference 715.9838769435883
Start 1543778420.8390753
End 1543779197.5029497
Difference 776.6638743877411
Start 1543779197.5592496
End 1543779960.2928903
Difference 762.7336406707764
Start 1543779960.3458192
End 1543780671.79759
Difference 711.4517707824707
Start 1543780671.8481672
End 1543781369.4922075
Difference 697.6440403461456
Start 1543781369.5715828
End 1543782067.1529446
Difference 697.5813617706299
Start 1543782067.1982138
End 1543782722.9925869
Difference 655.7943730354309
Start 1543782723.0366154
End 1543783443.8537664
Difference 720.8171510696411
Start 1543783443.9013393
End 1543784197.2303314
Difference 753.3289921283722
Start 1543784197.2735596
End 1543784955.2319992
Difference 757.9584395885468
Start 1543784955.2782006
End 1543785676.2281783
Difference 720.9499776363373
Start 1543785676.277343
End 1543786434.6424313
Difference 758.365088224411
Start 1543786434.6901438
End 1543787160.4930096
Difference 725.8028657436371
Start 1543787160.5415816
End 1543787807.272452
Difference 646.7308704853058
Start 1543787807.311997
End 1543788500.4695287
Difference 693.1575317382812
Start 1543788500.5107238
End 1543789142.44976
Difference 641.9390361309052
Start 1543789142.4928648
End 1543789826.3360112
Difference 683.8431463241577
Start 1543789826.3842993
End 1543790537.9620724
Difference 711.5777730941772
Start 1543790538.007164
End 1543791221.7969592
Difference 683.7897951602936
Start 1543791221.842416
End 1543791928.9259284
Difference 707.0835123062134
Start 1543791928.9898548
End 1543792589.5610588
Difference 660.5712039470673
Start 1543792589.6037092
End 1543793254.686393
Difference 665.082683801651
Start 1543793254.7350736
End 1543793943.0951173
Difference 688.3600437641144
Start 1543793943.144394
End 1543794682.7245486
Difference 739.5801546573639
Start 1543794682.7633529
End 1543795426.9296606
Difference 744.1663076877594
Start 1543795426.962255
End 1543796091.9658928
Difference 665.0036377906799
Start 1543796092.008096
End 1543796761.766979
Difference 669.7588829994202
Start 1543796761.817383
End 1543797506.084491
Difference 744.267107963562
Start 1543797506.1336102
End 1543798236.398166
Difference 730.2645556926727
Start 1543798236.450701
End 1543798985.3677218
Difference 748.9170207977295
Start 1543798985.4108882
End 1543799711.274237
Difference 725.8633487224579
Start 1543799711.3266885
End 1543800404.5000632
Difference 693.1733746528625
Start 1543800404.541915
End 1543801134.8419447
Difference 730.3000297546387
Start 1543801134.9723706
End 1543801865.3466642
Difference 730.3742935657501
Start 1543801865.4132705
End 1543802549.1767943
Difference 683.7635238170624
Start 1543802549.2196698
End 1543803251.6242614
Difference 702.4045915603638
Start 1543803251.6711848
End 1543803958.6258729
Difference 706.9546880722046
Start 1543803958.680154
End 1543804670.2365892
Difference 711.5564351081848
Start 1543804670.286047
End 1543805367.84987
Difference 697.5638229846954
Start 1543805367.902168
End 1543806051.6055682
Difference 683.7034001350403
Start 1543806051.6494644
End 1543806744.599901
Difference 692.950436592102
Start 1543806744.642883
End 1543807456.155974
Difference 711.5130908489227
Start 1543807456.2895782
End 1543808149.260219
Difference 692.9706408977509
Start 1543808149.3101957
End 1543808860.8750317
Difference 711.564836025238
