Could not find conda environment: py36
You can list all discoverable environments with `conda info --envs`.

/var/spool/slurmd/job16841244/slurm_script: line 12: cd: /global/homes/c/cju_lbl/PeculiarVelocity/pv/: No such file or directory
(2021, 2021)
Start 1544967604.7830698
End 1544967616.5252988
Difference 11.742228984832764
Start 1544967616.5472515
End 1544967627.763585
Difference 11.216333627700806
Start 1544967627.7892683
End 1544967638.3008761
Difference 10.511607885360718
Start 1544967638.3248663
End 1544967648.8217537
Difference 10.496887445449829
Start 1544967648.846365
End 1544967659.9109323
Difference 11.06456732749939
Start 1544967659.9356484
End 1544967671.1570263
Difference 11.221377849578857
Start 1544967671.1811996
End 1544967682.2544563
Difference 11.073256731033325
Start 1544967682.2803369
End 1544967693.423708
Difference 11.143371105194092
Start 1544967693.4516838
End 1544967704.2478676
Difference 10.796183824539185
Start 1544967704.2752953
End 1544967715.2686365
Difference 10.993341207504272
Start 1544967715.2945237
End 1544967726.3771024
Difference 11.082578659057617
Start 1544967726.4006164
End 1544967737.265639
Difference 10.865022659301758
Start 1544967737.290533
End 1544967748.0812056
Difference 10.790672540664673
Start 1544967748.1081367
End 1544967758.694079
Difference 10.585942268371582
Start 1544967758.719653
End 1544967769.4449518
Difference 10.725298881530762
Start 1544967769.4691272
End 1544967780.8234534
Difference 11.354326248168945
Start 1544967780.8490214
End 1544967791.715078
Difference 10.866056680679321
Start 1544967791.739223
End 1544967802.6746447
Difference 10.935421705245972
Start 1544967802.7000785
End 1544967813.7826664
Difference 11.082587957382202
Start 1544967813.8061612
End 1544967824.32143
Difference 10.515268802642822
Start 1544967824.3512607
End 1544967834.5843434
Difference 10.23308277130127
Start 1544967834.610565
End 1544967844.9212704
Difference 10.310705423355103
Start 1544967844.9446676
End 1544967854.8301868
Difference 9.88551926612854
Start 1544967854.8475204
End 1544967864.867754
Difference 10.020233631134033
Start 1544967864.8942158
End 1544967875.2025723
Difference 10.308356523513794
Start 1544967875.233603
End 1544967886.026313
Difference 10.792710065841675
Start 1544967886.0396903
End 1544967896.9075744
Difference 10.867884159088135
Start 1544967896.9308586
End 1544967907.5927432
Difference 10.661884546279907
Start 1544967907.6102896
End 1544967918.273194
Difference 10.662904500961304
Start 1544967918.293991
End 1544967929.094184
Difference 10.800192832946777
Start 1544967929.1344697
End 1544967938.6010401
Difference 9.466570377349854
Start 1544967938.617936
End 1544967949.415921
Difference 10.797985076904297
Start 1544967949.4409719
End 1544967959.8976142
Difference 10.456642389297485
Start 1544967959.9239788
End 1544967971.0005846
Difference 11.076605796813965
Start 1544967971.028042
End 1544967982.450294
Difference 11.42225193977356
Start 1544967982.4754963
End 1544967992.9924853
Difference 10.51698899269104
Start 1544967993.0174801
End 1544968003.1124294
Difference 10.09494924545288
Start 1544968003.1392744
End 1544968013.5820022
Difference 10.44272780418396
Start 1544968013.6067402
End 1544968024.7523818
Difference 11.145641565322876
Start 1544968024.7819412
End 1544968035.7804139
Difference 10.998472690582275
Start 1544968035.8079338
End 1544968046.7429338
Difference 10.934999942779541
Start 1544968046.7672555
End 1544968058.1903775
Difference 11.423121929168701
Start 1544968058.2169147
End 1544968069.2884736
Difference 11.071558952331543
Start 1544968069.317535
End 1544968079.978644
Difference 10.66110897064209
Start 1544968080.004156
End 1544968090.6599247
Difference 10.655768632888794
Start 1544968090.684928
End 1544968101.3388278
Difference 10.653899908065796
Start 1544968101.364828
End 1544968111.6030366
Difference 10.238208532333374
Start 1544968111.6297703
End 1544968122.5660295
Difference 10.936259269714355
Start 1544968122.5973399
End 1544968133.1935394
Difference 10.59619951248169
Start 1544968133.2215765
End 1544968142.759898
Difference 9.538321495056152
Start 1544968142.778786
End 1544968152.8726647
Difference 10.093878746032715
Start 1544968152.9002242
End 1544968163.847911
Difference 10.947686672210693
Start 1544968163.8802004
End 1544968174.5405579
Difference 10.660357475280762
Start 1544968174.568185
End 1544968186.0587656
Difference 11.490580558776855
Start 1544968186.08602
End 1544968196.743697
Difference 10.657676935195923
Start 1544968196.7704668
End 1544968208.1278923
Difference 11.357425451278687
Start 1544968208.1540623
End 1544968218.818701
Difference 10.664638757705688
Start 1544968218.8408635
End 1544968229.8566358
Difference 11.015772342681885
Start 1544968229.8836725
End 1544968241.0275826
Difference 11.14391016960144
Start 1544968241.0522294
End 1544968252.0563266
Difference 11.00409722328186
Start 1544968252.0840564
End 1544968262.6717718
Difference 10.58771538734436
Start 1544968262.698106
End 1544968273.9748209
Difference 11.27671480178833
Start 1544968273.991696
End 1544968284.1616268
Difference 10.169930934906006
Start 1544968284.1828437
End 1544968294.9766233
Difference 10.793779611587524
Start 1544968295.0572963
End 1544968305.7125509
Difference 10.655254602432251
Start 1544968305.741602
End 1544968316.6142051
Difference 10.872603178024292
Start 1544968316.6404257
End 1544968327.3007202
Difference 10.660294532775879
Start 1544968327.3262277
End 1544968337.9224439
Difference 10.596216201782227
Start 1544968337.9478767
End 1544968348.39744
Difference 10.449563264846802
Start 1544968348.4221487
End 1544968359.8504443
Difference 11.428295612335205
Start 1544968359.8767729
End 1544968371.452566
Difference 11.575793027877808
Start 1544968371.4822848
End 1544968382.768759
Difference 11.286474227905273
Start 1544968382.7975056
End 1544968394.4371414
Difference 11.639635801315308
Start 1544968394.4623156
End 1544968405.12155
Difference 10.659234523773193
Start 1544968405.1446788
End 1544968415.727162
Difference 10.582483053207397
Start 1544968415.7509923
End 1544968425.9841504
Difference 10.233158111572266
Start 1544968426.0091646
End 1544968436.2446997
Difference 10.235535144805908
Start 1544968436.2701862
End 1544968446.5731728
Difference 10.30298662185669
Start 1544968446.5882661
End 1544968456.6178772
Difference 10.029611110687256
Start 1544968456.6394813
End 1544968466.807732
Difference 10.168250799179077
Start 1544968466.8330169
End 1544968477.2072759
Difference 10.374258995056152
Start 1544968477.234443
End 1544968487.9673715
Difference 10.73292851448059
Start 1544968487.993043
End 1544968497.7357876
Difference 9.74274468421936
Start 1544968497.7555919
End 1544968508.4814656
Difference 10.725873708724976
Start 1544968508.5078685
End 1544968519.0331616
Difference 10.525293111801147
Start 1544968519.0596805
End 1544968529.2231178
Difference 10.163437366485596
Start 1544968529.2518477
End 1544968540.399303
Difference 11.147455215454102
Start 1544968540.425398
End 1544968551.7147346
Difference 11.289336442947388
Start 1544968551.7441225
End 1544968562.6779666
Difference 10.933844089508057
Start 1544968562.7011247
End 1544968574.1982002
Difference 11.49707555770874
Start 1544968574.2173085
End 1544968584.942616
Difference 10.72530746459961
Start 1544968584.9690626
End 1544968596.2557278
Difference 11.286665201187134
Start 1544968596.284328
End 1544968607.5708525
Difference 11.286524534225464
Start 1544968607.5965695
End 1544968618.9542086
Difference 11.357639074325562
Start 1544968618.970428
End 1544968637.5556014
Difference 18.58517336845398
Start 1544968637.607895
End 1544968648.5653017
Difference 10.957406759262085
Start 1544968648.5929685
End 1544968666.9627428
Difference 18.369774341583252
Start 1544968666.992738
End 1544968677.3008611
Difference 10.308123111724854
Start 1544968677.329219
End 1544968693.9404037
Difference 16.61118459701538
Start 1544968693.9685588
End 1544968704.7597497
Difference 10.79119086265564
