Could not find conda environment: py36
You can list all discoverable environments with `conda info --envs`.

/var/spool/slurmd/job16841396/slurm_script: line 12: cd: /global/homes/c/cju_lbl/PeculiarVelocity/pv/: No such file or directory
(1215, 1215)
Start 1545282951.069033
End 1545282954.1160512
Difference 3.04701828956604
Start 1545282954.1748319
End 1545282956.6979365
Difference 2.523104667663574
Start 1545282956.7225494
End 1545282959.537477
Difference 2.814927577972412
Start 1545282959.5697205
End 1545282962.1146991
Difference 2.544978618621826
Start 1545282962.1429374
End 1545282964.8987074
Difference 2.755769968032837
Start 1545282964.9210782
End 1545282967.8500097
Difference 2.928931474685669
Start 1545282967.8632102
End 1545282970.7362332
Difference 2.87302303314209
Start 1545282970.7602315
End 1545282973.5936406
Difference 2.833409070968628
Start 1545282973.6287644
End 1545282976.310398
Difference 2.681633710861206
Start 1545282976.3335867
End 1545282979.1682386
Difference 2.8346519470214844
Start 1545282979.1839523
End 1545282982.0164511
Difference 2.832498788833618
Start 1545282982.040266
End 1545282984.8536546
Difference 2.8133885860443115
Start 1545282984.8763578
End 1545282987.5194652
Difference 2.6431074142456055
Start 1545282987.532417
End 1545282990.216758
Difference 2.6843409538269043
Start 1545282990.2309601
End 1545282992.970444
Difference 2.7394838333129883
Start 1545282993.0112875
End 1545282995.9004571
Difference 2.889169692993164
Start 1545282995.9128728
End 1545282998.6307163
Difference 2.717843532562256
Start 1545282998.6443837
End 1545283001.437093
Difference 2.7927093505859375
Start 1545283001.4622576
End 1545283004.1997464
Difference 2.7374887466430664
Start 1545283004.2270017
End 1545283006.9056838
Difference 2.6786820888519287
Start 1545283006.9188957
End 1545283009.750025
Difference 2.831129312515259
Start 1545283009.7629113
End 1545283012.3836086
Difference 2.620697259902954
Start 1545283012.3999693
End 1545283015.1744847
Difference 2.774515390396118
Start 1545283015.1863952
End 1545283018.075463
Difference 2.8890678882598877
Start 1545283018.0881863
End 1545283020.919469
Difference 2.8312828540802
Start 1545283020.9268107
End 1545283023.700056
Difference 2.773245334625244
Start 1545283023.7197366
End 1545283026.6880155
Difference 2.9682788848876953
Start 1545283026.702043
End 1545283029.6290472
Difference 2.927004098892212
Start 1545283029.6492505
End 1545283032.3130069
Difference 2.6637563705444336
Start 1545283032.3272462
End 1545283035.2183378
Difference 2.8910915851593018
Start 1545283035.2322628
End 1545283037.9518561
Difference 2.7195932865142822
Start 1545283037.9763587
End 1545283040.9422524
Difference 2.9658937454223633
Start 1545283040.957126
End 1545283043.714112
Difference 2.756986141204834
Start 1545283043.7408185
End 1545283046.6323674
Difference 2.8915488719940186
Start 1545283046.6552076
End 1545283049.6415527
Difference 2.986345052719116
Start 1545283049.6541517
End 1545283052.466814
Difference 2.812662363052368
Start 1545283052.4844587
End 1545283055.2610972
Difference 2.7766385078430176
Start 1545283055.268949
End 1545283058.084019
Difference 2.8150699138641357
Start 1545283058.1085572
End 1545283060.8238204
Difference 2.7152631282806396
Start 1545283060.84012
End 1545283063.6170335
Difference 2.7769134044647217
Start 1545283063.6417317
End 1545283066.2267168
Difference 2.5849850177764893
Start 1545283066.2524219
End 1545283068.9912732
Difference 2.738851308822632
Start 1545283069.015718
End 1545283071.5623941
Difference 2.5466761589050293
Start 1545283071.5790534
End 1545283074.2012625
Difference 2.622209072113037
Start 1545283074.217368
End 1545283077.1256466
Difference 2.908278703689575
Start 1545283077.139573
End 1545283079.9339483
Difference 2.79437518119812
Start 1545283079.948075
End 1545283082.9348629
Difference 2.986787796020508
Start 1545283082.9486382
End 1545283085.8015795
Difference 2.8529412746429443
Start 1545283085.8135154
End 1545283088.7978926
Difference 2.984377145767212
Start 1545283088.8128092
End 1545283091.8380282
Difference 3.025218963623047
Start 1545283091.8523042
End 1545283094.8392935
Difference 2.9869892597198486
Start 1545283150.7458277
End 1545283153.6437354
Difference 2.8979077339172363
Start 1545283153.6599774
End 1545283156.4181387
Difference 2.7581613063812256
Start 1545283156.4345818
End 1545283159.2503448
Difference 2.815762996673584
Start 1545283159.2663705
End 1545283161.9688976
Difference 2.7025270462036133
Start 1545283161.984212
End 1545283164.5149465
Difference 2.5307345390319824
Start 1545283164.5335188
End 1545283167.5597012
Difference 3.0261824131011963
Start 1545283167.5753136
End 1545283170.372951
Difference 2.797637462615967
Start 1545283170.388687
End 1545283173.3221483
Difference 2.9334614276885986
Start 1545283173.337031
End 1545283176.193076
Difference 2.8560450077056885
Start 1545283176.2089539
End 1545283178.8546145
Difference 2.645660638809204
Start 1545283178.8703516
End 1545283181.5556002
Difference 2.685248613357544
Start 1545283181.569181
End 1545283184.4648015
Difference 2.895620584487915
Start 1545283184.4799564
End 1545283187.2988007
Difference 2.8188443183898926
Start 1545283187.3116837
End 1545283190.2619445
Difference 2.950260877609253
Start 1545283190.272326
End 1545283193.1291292
Difference 2.8568031787872314
Start 1545283193.1528687
End 1545283195.9513993
Difference 2.7985305786132812
Start 1545283195.967233
End 1545283198.8020473
Difference 2.8348143100738525
Start 1545283198.816343
End 1545283201.7475035
Difference 2.9311604499816895
Start 1545283201.7610495
End 1545283204.6941886
Difference 2.9331390857696533
Start 1545283204.7083156
End 1545283207.4883077
Difference 2.77999210357666
Start 1545283207.5026503
End 1545283210.109687
Difference 2.607036828994751
Start 1545283210.1232884
End 1545283212.8833458
Difference 2.7600574493408203
Start 1545283212.891971
End 1545283215.6179395
Difference 2.725968360900879
Start 1545283215.6367536
End 1545283218.6476593
Difference 3.0109057426452637
Start 1545283218.666845
End 1545283221.6559877
Difference 2.989142656326294
Start 1545283221.6697288
End 1545283224.488635
Difference 2.818906307220459
Start 1545283224.5040646
End 1545283227.3223133
Difference 2.818248748779297
Start 1545283227.3356736
End 1545283229.98078
Difference 2.645106315612793
Start 1545283229.9948647
End 1545283232.9834857
Difference 2.9886209964752197
Start 1545283232.9981458
End 1545283235.8578677
Difference 2.8597218990325928
Start 1545283235.8727193
End 1545283238.670107
Difference 2.7973875999450684
Start 1545283238.6847227
End 1545283241.5588732
Difference 2.874150514602661
Start 1545283241.572569
End 1545283244.4706297
Difference 2.8980607986450195
Start 1545283244.4842036
End 1545283247.3415275
Difference 2.8573238849639893
Start 1545283247.3561604
End 1545283250.194161
Difference 2.838000535964966
Start 1545283250.2077253
End 1545283253.1037261
Difference 2.896000862121582
Start 1545283253.117447
End 1545283256.0113807
Difference 2.8939337730407715
Start 1545283256.026633
End 1545283258.9018266
Difference 2.8751935958862305
Start 1545283258.9283571
End 1545283261.9175284
Difference 2.989171266555786
Start 1545283261.9312737
End 1545283264.7290113
Difference 2.7977375984191895
Start 1545283264.7432733
End 1545283267.5043283
Difference 2.7610549926757812
Start 1545283267.5170336
End 1545283270.395452
Difference 2.878418445587158
Start 1545283270.4098835
End 1545283275.5671442
Difference 5.1572606563568115
Start 1545283275.588547
End 1545283278.4770575
Difference 2.8885104656219482
Start 1545283278.491527
End 1545283283.6041903
Difference 5.112663269042969
Start 1545283283.6198525
End 1545283286.3891845
Difference 2.769331932067871
Start 1545283286.40352
End 1545283291.7284527
Difference 5.32493257522583
Start 1545283291.7426462
End 1545283294.4894826
Difference 2.7468364238739014
Start 1545283294.5046031
End 1545283299.515665
Difference 5.011061906814575
