Could not find conda environment: py36
You can list all discoverable environments with `conda info --envs`.

/var/spool/slurmd/job16841290/slurm_script: line 12: cd: /global/homes/c/cju_lbl/PeculiarVelocity/pv/: No such file or directory
(2541, 2541)
Start 1544990653.050722
End 1544990696.849617
Difference 43.79889512062073
Start 1544990696.869466
End 1544990739.5966315
Difference 42.72716546058655
Start 1544990739.622153
End 1544990779.9983351
Difference 40.376182079315186
Start 1544990780.017166
End 1544990821.1770341
Difference 41.159868240356445
Start 1544990821.1995192
End 1544990860.2534804
Difference 39.05396127700806
Start 1544990860.2766783
End 1544990899.5952086
Difference 39.318530321121216
Start 1544990899.623546
End 1544990936.6120994
Difference 36.988553524017334
Start 1544990936.639366
End 1544990975.1789436
Difference 38.53957772254944
Start 1544990975.1969762
End 1544991011.645203
Difference 36.44822692871094
Start 1544991011.6728888
End 1544991051.2635624
Difference 39.59067368507385
Start 1544991051.2873433
End 1544991090.3598201
Difference 39.072476863861084
Start 1544991090.3847156
End 1544991131.220237
Difference 40.83552145957947
Start 1544991131.2474282
End 1544991172.4359941
Difference 41.18856596946716
Start 1544991172.4748561
End 1544991211.8667252
Difference 39.39186906814575
Start 1544991211.8927574
End 1544991252.541525
Difference 40.64876747131348
Start 1544991252.6829023
End 1544991294.3567376
Difference 41.67383527755737
Start 1544991294.3947606
End 1544991332.6844838
Difference 38.28972315788269
Start 1544991332.7172072
End 1544991373.3634984
Difference 40.64629125595093
Start 1544991373.4507658
End 1544991414.1159484
Difference 40.66518259048462
Start 1544991414.168187
End 1544991455.339762
Difference 41.17157506942749
Start 1544991455.3676212
End 1544991497.5535893
Difference 42.18596816062927
Start 1544991497.5789454
End 1544991539.2269475
Difference 41.64800214767456
Start 1544991539.251353
End 1544991580.3648005
Difference 41.113447427749634
Start 1544991580.3910697
End 1544991621.540564
Difference 41.14949440956116
Start 1544991621.5663042
End 1544991659.5753083
Difference 38.00900411605835
Start 1544991659.606338
End 1544991696.0898473
Difference 36.48350930213928
Start 1544991696.1236186
End 1544991734.9270632
Difference 38.803444623947144
Start 1544991734.9671578
End 1544991775.3354886
Difference 40.36833071708679
Start 1544991775.3638268
End 1544991814.1610162
Difference 38.797189474105835
Start 1544991814.1923263
End 1544991855.3494525
Difference 41.1571261882782
Start 1544991855.3759496
End 1544991894.1702247
Difference 38.7942750453949
Start 1544991894.2001896
End 1544991931.9878068
Difference 37.787617206573486
Start 1544991932.0077043
End 1544991971.8715382
Difference 39.86383390426636
Start 1544991971.8989928
End 1544992013.3406312
Difference 41.441638469696045
Start 1544992013.3643124
End 1544992051.672181
Difference 38.30786848068237
Start 1544992051.6890917
End 1544992087.3860507
Difference 35.696959018707275
Start 1544992087.4119954
End 1544992127.818232
Difference 40.40623664855957
Start 1544992127.8475735
End 1544992163.822904
Difference 35.97533059120178
Start 1544992163.8532412
End 1544992203.4257495
Difference 39.572508335113525
Start 1544992203.4557087
End 1544992239.3989108
Difference 35.94320201873779
Start 1544992239.4243095
End 1544992279.0006933
Difference 39.57638382911682
Start 1544992279.02864
End 1544992319.9608288
Difference 40.932188749313354
Start 1544992319.9916773
End 1544992359.6213245
Difference 39.62964725494385
Start 1544992359.6458514
End 1544992399.0445805
Difference 39.39872908592224
Start 1544992399.0718808
End 1544992438.6786351
Difference 39.606754302978516
Start 1544992438.7086976
End 1544992477.5390315
Difference 38.830333948135376
Start 1544992477.571933
End 1544992519.0185637
Difference 41.44663071632385
Start 1544992519.046352
End 1544992559.6621425
Difference 40.615790605545044
Start 1544992559.6834068
End 1544992595.637855
Difference 35.954448223114014
Start 1544992595.6573825
End 1544992634.2574923
Difference 38.600109815597534
Start 1544992634.2846437
End 1544992675.242108
Difference 40.95746445655823
Start 1544992675.2764108
End 1544992713.3491902
Difference 38.072779417037964
Start 1544992713.380153
End 1544992752.7812343
Difference 39.40108132362366
Start 1544992752.8107593
End 1544992791.6468103
Difference 38.83605098724365
Start 1544992791.6648176
End 1544992829.6759577
Difference 38.01114010810852
Start 1544992829.704529
End 1544992870.0679922
Difference 40.363463163375854
Start 1544992870.0972636
End 1544992910.725159
Difference 40.62789535522461
Start 1544992910.7551322
End 1544992950.326268
Difference 39.57113575935364
Start 1544992950.3567808
End 1544992991.4830446
Difference 41.12626385688782
Start 1544992991.5040076
End 1544993032.3804126
Difference 40.876405000686646
Start 1544993032.409285
End 1544993072.7605352
Difference 40.35125017166138
Start 1544993072.7933095
End 1544993112.6434364
Difference 39.85012698173523
Start 1544993112.6708188
End 1544993152.5207849
Difference 39.849966049194336
Start 1544993152.54936
End 1544993192.6400733
Difference 40.09071326255798
Start 1544993192.668206
End 1544993229.9022539
Difference 37.23404788970947
Start 1544993229.9290876
End 1544993268.9385374
Difference 39.00944972038269
Start 1544993268.9830446
End 1544993308.5369418
Difference 39.55389714241028
Start 1544993308.565256
End 1544993348.1005056
Difference 39.53524947166443
Start 1544993348.1223586
End 1544993388.2067988
Difference 40.08444023132324
Start 1544993388.2414532
End 1544993425.1927233
Difference 36.95127010345459
Start 1544993425.2226303
End 1544993462.9514234
Difference 37.728793144226074
Start 1544993462.9822702
End 1544993502.5435863
Difference 39.56131601333618
Start 1544993502.5715635
End 1544993539.8079555
Difference 37.2363920211792
Start 1544993539.836344
End 1544993578.6025665
Difference 38.76622247695923
Start 1544993578.6279724
End 1544993612.447381
Difference 33.819408655166626
Start 1544993612.4811053
End 1544993651.740082
Difference 39.25897669792175
Start 1544993651.76775
End 1544993685.6150331
Difference 33.847283124923706
Start 1544993685.6511312
End 1544993721.8466148
Difference 36.195483684539795
Start 1544993721.8807375
End 1544993759.619565
Difference 37.73882746696472
Start 1544993759.6389728
End 1544993798.4049468
Difference 38.765974044799805
Start 1544993798.4330318
End 1544993837.7466424
Difference 39.313610553741455
Start 1544993839.493209
End 1544993879.8181827
Difference 40.324973821640015
Start 1544993879.846866
End 1544993919.6456785
Difference 39.79881262779236
Start 1544993919.6795218
End 1544993958.9663055
Difference 39.28678369522095
Start 1544993958.9864058
End 1544993998.768376
Difference 39.781970262527466
Start 1544993998.800979
End 1544994038.098424
Difference 39.29744505882263
Start 1544994038.1292703
End 1544994079.5569062
Difference 41.42763590812683
Start 1544994079.589845
End 1544994120.5119948
Difference 40.922149896621704
Start 1544994120.5333488
End 1544994162.8411593
Difference 42.30781054496765
Start 1544994162.8624651
End 1544994205.3054547
Difference 42.44298958778381
Start 1544994205.3353715
End 1544994247.2635965
Difference 41.92822504043579
Start 1544994247.2934315
End 1544994287.4007607
Difference 40.10732913017273
Start 1544994287.4351923
End 1544994327.2911406
Difference 39.85594820976257
Start 1544994327.324114
End 1544994365.3604434
Difference 38.03632926940918
Start 1544994365.39352
End 1544994404.9477086
Difference 39.55418848991394
Start 1544994404.9761083
End 1544994443.2365425
Difference 38.2604341506958
Start 1544994443.2671514
End 1544994481.7800756
Difference 38.51292419433594
Start 1544994481.8083827
End 1544994520.5698347
Difference 38.761451959609985
Start 1544994520.5958686
End 1544994561.7114272
Difference 41.11555862426758
Start 1544994561.7392373
End 1544994600.2452395
Difference 38.50600218772888
