Could not find conda environment: py36
You can list all discoverable environments with `conda info --envs`.

/var/spool/slurmd/job16841323/slurm_script: line 12: cd: /global/homes/c/cju_lbl/PeculiarVelocity/pv/: No such file or directory
(2541, 2541)
Start 1544998762.9404829
End 1544998802.9296153
Difference 39.98913240432739
Start 1544998802.9520772
End 1544998842.490938
Difference 39.53886079788208
Start 1544998842.5190623
End 1544998883.1570933
Difference 40.638031005859375
Start 1544998883.189772
End 1544998921.4120264
Difference 38.222254514694214
Start 1544998921.4389431
End 1544998961.5558105
Difference 40.11686730384827
Start 1544998961.581053
End 1544998998.775927
Difference 37.19487404823303
Start 1544998998.7998197
End 1544999038.379221
Difference 39.57940125465393
Start 1544999038.4147358
End 1544999071.8807995
Difference 33.46606373786926
Start 1544999071.9067476
End 1544999111.7408884
Difference 39.83414077758789
Start 1544999111.767706
End 1544999150.536745
Difference 38.769039154052734
Start 1544999150.563335
End 1544999190.0918097
Difference 39.52847480773926
Start 1544999190.122781
End 1544999225.7000065
Difference 35.57722544670105
Start 1544999225.7303739
End 1544999267.3569746
Difference 41.62660074234009
Start 1544999267.3832684
End 1544999305.5961306
Difference 38.21286225318909
Start 1544999305.6270487
End 1544999344.8907547
Difference 39.26370596885681
Start 1544999344.917337
End 1544999386.7795193
Difference 41.86218237876892
Start 1544999386.8054135
End 1544999426.0553408
Difference 39.249927282333374
Start 1544999426.088786
End 1544999464.7898374
Difference 38.701051473617554
Start 1544999464.8188367
End 1544999503.0697308
Difference 38.25089406967163
Start 1544999503.085736
End 1544999543.997411
Difference 40.91167497634888
Start 1544999544.02469
End 1544999584.3962653
Difference 40.371575355529785
Start 1544999584.4217637
End 1544999627.6487205
Difference 43.226956844329834
Start 1544999627.6738167
End 1544999668.2364829
Difference 40.562666177749634
Start 1544999668.2683182
End 1544999710.6827202
Difference 42.41440200805664
Start 1544999710.7091033
End 1544999752.9021528
Difference 42.19304943084717
Start 1544999752.929754
End 1544999795.6338603
Difference 42.70410633087158
Start 1544999795.6564715
End 1544999839.1995075
Difference 43.54303598403931
Start 1544999839.2205245
End 1544999883.0115306
Difference 43.791006088256836
Start 1544999883.039776
End 1544999926.3228676
Difference 43.28309154510498
Start 1544999926.3381443
End 1544999968.8662546
Difference 42.52811026573181
Start 1544999968.888082
End 1545000010.5971024
Difference 41.709020376205444
Start 1545000010.6180923
End 1545000051.767638
Difference 41.149545669555664
Start 1545000051.7847455
End 1545000090.5599737
Difference 38.77522826194763
Start 1545000090.5857334
End 1545000131.9405262
Difference 41.35479283332825
Start 1545000131.9699872
End 1545000173.6039531
Difference 41.63396596908569
Start 1545000173.6293104
End 1545000211.3290935
Difference 37.69978308677673
Start 1545000211.358896
End 1545000249.0561924
Difference 37.697296380996704
Start 1545000249.0867617
End 1545000290.1798232
Difference 41.093061447143555
Start 1545000290.2080126
End 1545000329.2333004
Difference 39.02528786659241
Start 1545000329.2631345
End 1545000367.4692276
Difference 38.206093072891235
Start 1545000367.4978194
End 1545000407.5616214
Difference 40.063802003860474
Start 1545000407.593805
End 1545000448.9728677
Difference 41.37906265258789
Start 1545000449.0045238
End 1545000489.8619251
Difference 40.8574013710022
Start 1545000489.8952484
End 1545000532.0525532
Difference 42.157304763793945
Start 1545000532.0827274
End 1545000571.085956
Difference 39.00322866439819
Start 1545000571.112518
End 1545000609.31263
Difference 38.200111865997314
Start 1545000609.339672
End 1545000647.0044508
Difference 37.66477870941162
Start 1545000647.0362878
End 1545000688.0921457
Difference 41.05585789680481
Start 1545000688.1209772
End 1545000729.982906
Difference 41.861928939819336
Start 1545000730.0074084
End 1545000770.050433
Difference 40.04302453994751
Start 1545000770.0871267
End 1545000807.2348487
Difference 37.147722005844116
Start 1545000807.2605267
End 1545000849.9250615
Difference 42.6645348072052
Start 1545000849.9571385
End 1545000893.144283
Difference 43.18714451789856
Start 1545000893.1770208
End 1545000933.9990249
Difference 40.822004079818726
Start 1545000934.0311723
End 1545000972.7767487
Difference 38.74557638168335
Start 1545000972.8010972
End 1545001013.37301
Difference 40.57191276550293
Start 1545001013.4012058
End 1545001052.093687
Difference 38.69248127937317
Start 1545001052.1219428
End 1545001092.682028
Difference 40.56008529663086
Start 1545001092.7104528
End 1545001133.6582577
Difference 40.94780492782593
Start 1545001133.6878104
End 1545001176.391202
Difference 42.703391551971436
Start 1545001176.4226363
End 1545001217.8489563
Difference 41.42632007598877
Start 1545001217.8754506
End 1545001258.7327337
Difference 40.85728311538696
Start 1545001258.7505548
End 1545001298.6031106
Difference 39.85255575180054
Start 1545001298.6269767
End 1545001340.5451164
Difference 41.918139696121216
Start 1545001340.5719388
End 1545001383.001526
Difference 42.42958736419678
Start 1545001383.0267246
End 1545001424.6641884
Difference 41.63746380805969
Start 1545001424.6944256
End 1545001464.4800174
Difference 39.78559184074402
Start 1545001464.5129411
End 1545001501.6800265
Difference 37.16708540916443
Start 1545001501.7126398
End 1545001541.4877958
Difference 39.775156021118164
Start 1545001541.5235753
End 1545001583.696469
Difference 42.1728937625885
Start 1545001583.721298
End 1545001626.7111454
Difference 42.98984742164612
Start 1545001626.7285993
End 1545001670.2187676
Difference 43.49016833305359
Start 1545001670.2444954
End 1545001712.669353
Difference 42.42485761642456
Start 1545001712.696662
End 1545001755.109378
Difference 42.41271615028381
Start 1545001755.1354537
End 1545001797.325964
Difference 42.190510272979736
Start 1545001797.355912
End 1545001839.5679796
Difference 42.21206760406494
Start 1545001839.5973036
End 1545001881.5668826
Difference 41.969578981399536
Start 1545001881.600223
End 1545001923.8254175
Difference 42.225194454193115
Start 1545001923.855012
End 1545001966.0912263
Difference 42.23621439933777
Start 1545001966.1295455
End 1545002008.0741289
Difference 41.94458341598511
Start 1545002008.1071377
End 1545002050.5084355
Difference 42.40129780769348
Start 1545002050.5387526
End 1545002091.1392088
Difference 40.60045623779297
Start 1545002091.1696448
End 1545002129.1542025
Difference 37.98455762863159
Start 1545002129.182531
End 1545002168.49018
Difference 39.30764889717102
Start 1545002168.5195594
End 1545002208.575454
Difference 40.05589461326599
Start 1545002208.6031973
End 1545002250.5358484
Difference 41.93265104293823
Start 1545002250.5650697
End 1545002287.9890444
Difference 37.42397475242615
Start 1545002288.0208442
End 1545002330.2114756
Difference 42.19063138961792
Start 1545002330.23899
End 1545002370.288697
Difference 40.04970693588257
Start 1545002370.317375
End 1545002409.820477
Difference 39.50310206413269
Start 1545002409.850362
End 1545002450.7812097
Difference 40.93084764480591
Start 1545002450.812247
End 1545002491.9268136
Difference 41.11456656455994
Start 1545002491.9462502
End 1545002533.870773
Difference 41.9245228767395
Start 1545002533.8968909
End 1545002574.8049154
Difference 40.90802454948425
Start 1545002574.8347208
End 1545002615.689564
Difference 40.85484313964844
Start 1545002615.7200744
End 1545002657.1297338
Difference 41.40965938568115
Start 1545002657.162014
End 1545002695.6711886
Difference 38.50917458534241
Start 1545002695.7025187
End 1545002734.3598936
Difference 38.6573748588562
Start 1545002734.3823748
End 1545002777.3918774
Difference 43.00950264930725
Start 1545002777.4231734
End 1545002817.6119585
Difference 40.18878507614136
