Could not find conda environment: py36
You can list all discoverable environments with `conda info --envs`.

/var/spool/slurmd/job16841330/slurm_script: line 12: cd: /global/homes/c/cju_lbl/PeculiarVelocity/pv/: No such file or directory
(1982, 1982)
Start 1545137281.2011611
End 1545137292.101533
Difference 10.900371789932251
Start 1545137292.1301117
End 1545137302.80134
Difference 10.671228408813477
Start 1545137302.8316123
End 1545137313.3502984
Difference 10.518686056137085
Start 1545137313.3785603
End 1545137323.7048624
Difference 10.32630205154419
Start 1545137323.7314482
End 1545137334.0530775
Difference 10.321629285812378
Start 1545137334.078595
End 1545137344.595351
Difference 10.516756057739258
Start 1545137344.6202288
End 1545137354.9489272
Difference 10.32869839668274
Start 1545137354.9741244
End 1545137364.701033
Difference 9.726908683776855
Start 1545137364.719307
End 1545137374.5805535
Difference 9.861246585845947
Start 1545137374.6134033
End 1545137385.1344724
Difference 10.521069049835205
Start 1545137385.1595647
End 1545137395.145043
Difference 9.985478162765503
Start 1545137395.1680415
End 1545137404.566634
Difference 9.398592472076416
Start 1545137404.5838454
End 1545137415.1688793
Difference 10.585033893585205
Start 1545137415.1916087
End 1545137425.1770759
Difference 9.985467195510864
Start 1545137425.1961868
End 1545137435.318052
Difference 10.121865272521973
Start 1545137435.3454778
End 1545137445.2621884
Difference 9.916710615158081
Start 1545137445.279892
End 1545137454.6062605
Difference 9.326368570327759
Start 1545137454.6246731
End 1545137464.8109844
Difference 10.1863112449646
Start 1545137464.9840298
End 1545137474.1124854
Difference 9.128455638885498
Start 1545137476.2525077
End 1545137486.3032694
Difference 10.050761699676514
Start 1545137486.6849904
End 1545137497.0069337
Difference 10.321943283081055
Start 1545137497.3433588
End 1545137507.1928952
Difference 9.849536418914795
Start 1545137507.5002174
End 1545137516.8232563
Difference 9.323038816452026
Start 1545137517.1264465
End 1545137527.2493784
Difference 10.122931957244873
Start 1545137527.6219387
End 1545137537.8026276
Difference 10.180688858032227
Start 1545137538.1527426
End 1545137547.8682158
Difference 9.715473175048828
Start 1545137548.1663964
End 1545137557.7533147
Difference 9.586918354034424
Start 1545137558.010079
End 1545137567.6593556
Difference 9.649276733398438
Start 1545137567.936796
End 1545137577.859014
Difference 9.922218084335327
Start 1545137579.8343656
End 1545137589.2334073
Difference 9.399041652679443
Start 1545137589.565477
End 1545137599.615036
Difference 10.049559116363525
Start 1545137599.6387944
End 1545137609.755291
Difference 10.116496562957764
Start 1545137609.787087
End 1545137620.3036594
Difference 10.51657247543335
Start 1545137620.327034
End 1545137630.1792774
Difference 9.852243423461914
Start 1545137630.196837
End 1545137640.3837311
Difference 10.186894178390503
Start 1545137640.4107683
End 1545137650.7930305
Difference 10.382262229919434
Start 1545137650.8176463
End 1545137661.0094233
Difference 10.191776990890503
Start 1545137661.0376737
End 1545137671.0271351
Difference 9.989461421966553
Start 1545137671.047601
End 1545137680.4988742
Difference 9.451273202896118
Start 1545137680.5164416
End 1545137690.1756172
Difference 9.659175634384155
Start 1545137690.2045584
End 1545137699.9297276
Difference 9.72516918182373
Start 1545137699.948563
End 1545137710.141318
Difference 10.192754983901978
Start 1545137710.169584
End 1545137719.8254707
Difference 9.65588665008545
Start 1545137719.8436496
End 1545137729.901083
Difference 10.057433366775513
Start 1545137729.9277382
End 1545137740.4395866
Difference 10.511848449707031
Start 1545137740.4658642
End 1545137751.1722257
Difference 10.706361532211304
Start 1545137751.198103
End 1545137761.773304
Difference 10.575201034545898
Start 1545137761.7999096
End 1545137771.9816306
Difference 10.181720972061157
Start 1545137772.0084836
End 1545137781.924859
Difference 9.916375398635864
Start 1545137781.9465394
End 1545137792.2035658
Difference 10.257026433944702
Start 1545137792.2293785
End 1545137802.470975
Difference 10.241596460342407
Start 1545137802.497331
End 1545137812.481102
Difference 9.983771085739136
Start 1545137812.4986928
End 1545137822.493411
Difference 9.994718313217163
Start 1545137822.520669
End 1545137833.425381
Difference 10.904711961746216
Start 1545137833.4530315
End 1545137843.3793287
Difference 9.926297187805176
Start 1545137843.3964946
End 1545137853.582073
Difference 10.185578346252441
Start 1545137853.6151245
End 1545137864.0569391
Difference 10.441814661026001
Start 1545137864.0872633
End 1545137874.0688531
Difference 9.981589794158936
Start 1545137874.0900223
End 1545137883.7451599
Difference 9.655137538909912
Start 1545137883.7719998
End 1545137894.4167235
Difference 10.644723653793335
Start 1545137894.4431555
End 1545137904.6996937
Difference 10.256538152694702
Start 1545137904.729024
End 1545137914.7761934
Difference 10.04716944694519
Start 1545137914.796405
End 1545137924.8470683
Difference 10.050663232803345
Start 1545137924.877503
End 1545137934.79659
Difference 9.919087171554565
Start 1545137934.8195553
End 1545137944.210348
Difference 9.390792608261108
Start 1545137944.236946
End 1545137954.351413
Difference 10.114466905593872
Start 1545137954.3777707
End 1545137964.2296283
Difference 9.851857662200928
Start 1545137964.2490633
End 1545137973.9074097
Difference 9.65834641456604
Start 1545137973.931893
End 1545137984.4453747
Difference 10.513481616973877
Start 1545137984.4721375
End 1545137994.523894
Difference 10.051756620407104
Start 1545137994.555149
End 1545138005.196756
Difference 10.64160680770874
Start 1545138005.226946
End 1545138015.669635
Difference 10.442688941955566
Start 1545138015.6951635
End 1545138025.625405
Difference 9.930241584777832
Start 1545138025.6436846
End 1545138035.701659
Difference 10.057974338531494
Start 1545138035.7279565
End 1545138045.77929
Difference 10.0513334274292
Start 1545138045.7991476
End 1545138055.987892
Difference 10.188744306564331
Start 1545138056.0172515
End 1545138066.5387893
Difference 10.521537780761719
Start 1545138066.566439
End 1545138076.9507883
Difference 10.384349346160889
Start 1545138076.9902909
End 1545138087.3034027
Difference 10.313111782073975
Start 1545138087.335262
End 1545138097.9089968
Difference 10.573734760284424
Start 1545138097.9380283
End 1545138108.4446816
Difference 10.506653308868408
Start 1545138108.4753304
End 1545138118.5907526
Difference 10.115422248840332
Start 1545138118.618731
End 1545138128.996185
Difference 10.377454042434692
Start 1545138129.024086
End 1545138138.880057
Difference 9.855971097946167
Start 1545138138.8974602
End 1545138148.9550679
Difference 10.057607650756836
Start 1545138148.987883
End 1545138159.1656268
Difference 10.177743673324585
Start 1545138159.1941504
End 1545138169.1190393
Difference 9.924888849258423
Start 1545138169.140939
End 1545138178.993041
Difference 9.852102041244507
Start 1545138179.01398
End 1545138189.201539
Difference 10.187559127807617
Start 1545138189.219021
End 1545138199.1387792
Difference 9.919758081436157
Start 1545138199.1644583
End 1545138209.472726
Difference 10.308267831802368
Start 1545138209.5004473
End 1545138219.350314
Difference 9.84986662864685
Start 1545138219.3701935
End 1545138228.8274596
Difference 9.457266092300415
Start 1545138228.8460436
End 1545138239.0185819
Difference 10.17253828048706
Start 1545138239.0531936
End 1545138255.0900733
Difference 16.036879777908325
Start 1545138255.118158
End 1545138265.5852857
Difference 10.467127561569214
Start 1545138265.611737
End 1545138282.1134999
Difference 16.501762866973877
Start 1545138282.1500235
End 1545138292.1945608
Difference 10.04453730583191
Start 1545138292.2142918
End 1545138308.3810236
Difference 16.16673183441162
Start 1545138308.4103403
End 1545138318.6703227
Difference 10.259982347488403
