Could not find conda environment: py36
You can list all discoverable environments with `conda info --envs`.

/var/spool/slurmd/job16841239/slurm_script: line 12: cd: /global/homes/c/cju_lbl/PeculiarVelocity/pv/: No such file or directory
(3023, 3023)
Start 1544669632.6818316
End 1544669693.601514
Difference 60.91968250274658
Start 1544669693.6516044
End 1544669752.7673368
Difference 59.11573243141174
Start 1544669752.8120615
End 1544669813.8112347
Difference 60.999173164367676
Start 1544669813.8409138
End 1544669873.7157094
Difference 59.87479567527771
Start 1544669873.7527306
End 1544669931.7504644
Difference 57.99773383140564
Start 1544669931.780386
End 1544669990.893462
Difference 59.113075971603394
Start 1544669990.928428
End 1544670046.692987
Difference 55.76455903053284
Start 1544670046.7231245
End 1544670099.5150433
Difference 52.79191875457764
Start 1544670099.5508814
End 1544670150.4744391
Difference 50.9235577583313
Start 1544670150.508314
End 1544670206.6509397
Difference 56.14262580871582
Start 1544670206.6919487
End 1544670263.2076404
Difference 56.51569175720215
Start 1544670263.2432902
End 1544670312.3263454
Difference 49.08305525779724
Start 1544670312.4106414
End 1544670364.8091164
Difference 52.39847493171692
Start 1544670364.8502142
End 1544670418.004331
Difference 53.15411686897278
Start 1544670418.0348768
End 1544670470.4421027
Difference 52.40722584724426
Start 1544670470.4722898
End 1544670524.0005116
Difference 53.52822184562683
Start 1544670524.0224254
End 1544670578.2904506
Difference 54.268025159835815
Start 1544670578.3166413
End 1544670630.0294561
Difference 51.712814807891846
Start 1544670630.0699353
End 1544670684.6866398
Difference 54.61670446395874
Start 1544670684.7151291
End 1544670743.7958426
Difference 59.080713510513306
Start 1544670743.8237162
End 1544670799.92468
Difference 56.100963830947876
Start 1544670799.9550605
End 1544670853.8569608
Difference 53.90190029144287
Start 1544670853.883824
End 1544670911.521805
Difference 57.637980937957764
Start 1544670911.5500326
End 1544670969.161509
Difference 57.6114764213562
Start 1544670969.3627043
End 1544671029.9863586
Difference 60.62365436553955
Start 1544671030.020928
End 1544671087.3118393
Difference 57.29091143608093
Start 1544671087.3886096
End 1544671142.4113548
Difference 55.02274513244629
Start 1544671142.438738
End 1544671198.1792498
Difference 55.740511655807495
Start 1544671198.2156925
End 1544671253.974547
Difference 55.758854389190674
Start 1544671254.0968666
End 1544671307.9548287
Difference 53.857962131500244
Start 1544671308.1254706
End 1544671365.71736
Difference 57.59188938140869
Start 1544671365.90045
End 1544671416.3871942
Difference 50.48674416542053
Start 1544671416.4167051
End 1544671470.6428163
Difference 54.22611117362976
Start 1544671470.6722834
End 1544671525.6610956
Difference 54.98881220817566
Start 1544671525.704559
End 1544671580.7092168
Difference 55.00465774536133
Start 1544671580.7387793
End 1544671636.096759
Difference 55.3579797744751
Start 1544671636.1255167
End 1544671691.467235
Difference 55.341718435287476
Start 1544671691.4990597
End 1544671747.2423732
Difference 55.7433135509491
Start 1544671747.268391
End 1544671801.1235614
Difference 53.855170488357544
Start 1544671801.1502383
End 1544671859.8519826
Difference 58.70174431800842
Start 1544671859.8782287
End 1544671916.7068694
Difference 56.8286406993866
Start 1544671916.738803
End 1544671971.361091
Difference 54.62228798866272
Start 1544671971.3953657
End 1544672027.1200738
Difference 55.72470808029175
Start 1544672027.152524
End 1544672079.8973367
Difference 52.74481272697449
Start 1544672079.927832
End 1544672135.6805334
Difference 55.7527015209198
Start 1544672135.715025
End 1544672189.6160417
Difference 53.90101671218872
Start 1544672189.651547
End 1544672245.3867145
Difference 55.735167503356934
Start 1544672245.4132364
End 1544672300.024812
Difference 54.61157560348511
Start 1544672300.0566175
End 1544672353.208417
Difference 53.15179944038391
Start 1544672353.2379267
End 1544672408.9421713
Difference 55.70424461364746
Start 1544672408.9678407
End 1544672461.3609304
Difference 52.39308977127075
Start 1544672461.3888898
End 1544672516.407862
Difference 55.01897215843201
Start 1544672516.441317
End 1544672568.8436184
Difference 52.40230131149292
Start 1544672568.868056
End 1544672619.0251489
Difference 50.157092809677124
Start 1544672619.0573509
End 1544672673.2882838
Difference 54.23093295097351
Start 1544672673.316438
End 1544672726.0900261
Difference 52.77358818054199
Start 1544672726.1147313
End 1544672780.76927
Difference 54.65453863143921
Start 1544672780.7934165
End 1544672839.185801
Difference 58.39238452911377
Start 1544672839.212919
End 1544672890.2070832
Difference 50.99416422843933
Start 1544672890.2377343
End 1544672943.0551658
Difference 52.81743144989014
Start 1544672943.0863333
End 1544672997.3626015
Difference 54.27626824378967
Start 1544672997.3905923
End 1544673055.373216
Difference 57.98262357711792
Start 1544673055.4014554
End 1544673104.825284
Difference 49.42382860183716
Start 1544673104.8573594
End 1544673156.9064355
Difference 52.049076080322266
Start 1544673156.9361024
End 1544673209.241334
Difference 52.30523157119751
Start 1544673209.2733936
End 1544673264.9805353
Difference 55.707141637802124
Start 1544673265.0099034
End 1544673316.682046
Difference 51.67214250564575
Start 1544673316.7069824
End 1544673370.612653
Difference 53.90567064285278
Start 1544673370.6423655
End 1544673421.5812604
Difference 50.93889498710632
Start 1544673421.6139266
End 1544673477.0141304
Difference 55.400203704833984
Start 1544673477.04082
End 1544673532.4105773
Difference 55.369757413864136
Start 1544673532.43996
End 1544673588.5943594
Difference 56.154399394989014
Start 1544673588.6288216
End 1544673644.040573
Difference 55.41175127029419
Start 1544673644.0669534
End 1544673703.909169
Difference 59.8422155380249
Start 1544673703.9408023
End 1544673756.3451931
Difference 52.404390811920166
Start 1544673756.3731973
End 1544673815.8796618
Difference 59.50646448135376
Start 1544673815.9069006
End 1544673869.4270105
Difference 53.52010989189148
Start 1544673869.4589903
End 1544673921.872055
Difference 52.41306471824646
Start 1544673921.897425
End 1544673975.8036072
Difference 53.906182289123535
Start 1544673975.8303466
End 1544674033.1073387
Difference 57.276992082595825
Start 1544674033.1547692
End 1544674090.7490642
Difference 57.594295024871826
Start 1544674090.7750518
End 1544674147.6528912
Difference 56.87783932685852
Start 1544674147.683867
End 1544674204.5468056
Difference 56.86293864250183
Start 1544674204.5737188
End 1544674259.5952127
Difference 55.021493911743164
Start 1544674259.6222682
End 1544674319.4524322
Difference 59.83016395568848
Start 1544674319.482522
End 1544674379.718645
Difference 60.23612308502197
Start 1544674379.753769
End 1544674436.262134
Difference 56.50836515426636
Start 1544674436.2935534
End 1544674487.9817944
Difference 51.68824100494385
Start 1544674488.0090566
End 1544674542.6700747
Difference 54.66101813316345
Start 1544674542.6948552
End 1544674595.8496401
Difference 53.15478491783142
Start 1544674595.8777149
End 1544674649.76643
Difference 53.88871502876282
Start 1544674649.7949102
End 1544674705.5515037
Difference 55.756593465805054
Start 1544674705.5820477
End 1544674756.5162177
Difference 50.93417000770569
Start 1544674756.5533888
End 1544674812.3246617
Difference 55.77127289772034
Start 1544674812.3512166
End 1544674867.756798
Difference 55.4055814743042
Start 1544674867.7860236
End 1544674922.427733
Difference 54.641709327697754
Start 1544674922.4476137
End 1544674977.8305142
Difference 55.38290047645569
Start 1544674977.85821
End 1544675031.370981
Difference 53.512770891189575
Start 1544675031.4106445
End 1544675086.7784405
Difference 55.36779594421387
Start 1544675086.7991111
End 1544675144.7684708
Difference 57.96935963630676
