Could not find conda environment: py36
You can list all discoverable environments with `conda info --envs`.

/var/spool/slurmd/job16841243/slurm_script: line 12: cd: /global/homes/c/cju_lbl/PeculiarVelocity/pv/: No such file or directory
(3023, 3023)
Start 1544956090.6426558
End 1544956153.8763711
Difference 63.233715295791626
Start 1544956153.9660728
End 1544956215.407643
Difference 61.44157028198242
Start 1544956215.436586
End 1544956274.9783127
Difference 59.54172682762146
Start 1544956275.0215468
End 1544956330.0105178
Difference 54.98897099494934
Start 1544956330.04359
End 1544956382.4149876
Difference 52.371397495269775
Start 1544956382.4548178
End 1544956442.7299728
Difference 60.27515506744385
Start 1544956442.767173
End 1544956499.6774561
Difference 56.91028308868408
Start 1544956499.711553
End 1544956559.5972362
Difference 59.88568305969238
Start 1544956559.634461
End 1544956620.3043594
Difference 60.66989850997925
Start 1544956620.3322363
End 1544956681.0038128
Difference 60.671576499938965
Start 1544956681.933773
End 1544956742.5963144
Difference 60.66254138946533
Start 1544956742.6247728
End 1544956801.3991358
Difference 58.77436304092407
Start 1544956801.4271495
End 1544956857.1781278
Difference 55.750978231430054
Start 1544956857.2179234
End 1544956915.6843605
Difference 58.466437101364136
Start 1544956915.7176259
End 1544956977.466371
Difference 61.74874520301819
Start 1544956977.5008824
End 1544957037.1407294
Difference 59.63984704017639
Start 1544957037.1679654
End 1544957098.6209085
Difference 61.452943086624146
Start 1544957098.655058
End 1544957159.718245
Difference 61.06318712234497
Start 1544957159.8088458
End 1544957218.6031215
Difference 58.794275760650635
Start 1544957218.634412
End 1544957278.571086
Difference 59.93667387962341
Start 1544957278.5998316
End 1544957338.862873
Difference 60.263041496276855
Start 1544957338.8906705
End 1544957398.145557
Difference 59.25488638877869
Start 1544957398.177703
End 1544957459.9559503
Difference 61.778247356414795
Start 1544957459.984229
End 1544957519.8636518
Difference 59.879422664642334
Start 1544957519.8909037
End 1544957578.028636
Difference 58.13773226737976
Start 1544957578.057742
End 1544957637.5739217
Difference 59.51617956161499
Start 1544957637.6021159
End 1544957691.1004395
Difference 53.49832367897034
Start 1544957691.1280885
End 1544957752.1820014
Difference 61.0539128780365
Start 1544957752.2146544
End 1544957812.8865118
Difference 60.67185735702515
Start 1544957812.9209101
End 1544957873.2347
Difference 60.31378984451294
Start 1544957873.2514167
End 1544957933.1584945
Difference 59.90707778930664
Start 1544957933.1841214
End 1544957990.8306954
Difference 57.64657402038574
Start 1544957990.857113
End 1544958050.4142287
Difference 59.55711579322815
Start 1544958050.4437091
End 1544958106.5764601
Difference 56.13275098800659
Start 1544958106.6077135
End 1544958162.7469883
Difference 56.13927483558655
Start 1544958162.7625284
End 1544958220.7864425
Difference 58.023914098739624
Start 1544958220.8027596
End 1544958278.7934444
Difference 57.99068474769592
Start 1544958278.8076155
End 1544958335.6793194
Difference 56.87170386314392
Start 1544958335.7127314
End 1544958391.4796197
Difference 55.76688838005066
Start 1544958391.5077002
End 1544958449.8889344
Difference 58.38123416900635
Start 1544958449.9225342
End 1544958508.277527
Difference 58.35499286651611
Start 1544958508.303584
End 1544958567.836439
Difference 59.53285479545593
Start 1544958567.8659623
End 1544958625.143409
Difference 57.27744674682617
Start 1544958625.1786952
End 1544958681.7137876
Difference 56.5350923538208
Start 1544958681.7397199
End 1544958735.613932
Difference 53.87421202659607
Start 1544958735.6410048
End 1544958794.4332323
Difference 58.79222750663757
Start 1544958794.4618256
End 1544958850.959931
Difference 56.49810528755188
Start 1544958851.0177996
End 1544958909.765373
Difference 58.747573375701904
Start 1544958909.7933466
End 1544958968.5595644
Difference 58.76621770858765
Start 1544958968.6050103
End 1544959025.1104977
Difference 56.5054874420166
Start 1544959025.1378403
End 1544959082.7381911
Difference 57.600350856781006
Start 1544959082.7679706
End 1544959141.9250638
Difference 59.15709328651428
Start 1544959141.961813
End 1544959199.6090224
Difference 57.64720940589905
Start 1544959199.6372948
End 1544959257.278795
Difference 57.64150023460388
Start 1544959257.3070955
End 1544959314.5929003
Difference 57.285804748535156
Start 1544959314.6182704
End 1544959374.0384367
Difference 59.42016625404358
Start 1544959374.0649853
End 1544959433.2480326
Difference 59.1830472946167
Start 1544959433.275702
End 1544959488.6802444
Difference 55.404542446136475
Start 1544959488.7077477
End 1544959542.5885592
Difference 53.8808114528656
Start 1544959542.615788
End 1544959596.1204824
Difference 53.50469446182251
Start 1544959596.1488433
End 1544959650.0609524
Difference 53.91210913658142
Start 1544959650.0991504
End 1544959707.7525713
Difference 57.65342092514038
Start 1544959707.78205
End 1544959765.8283527
Difference 58.046302795410156
Start 1544959765.85472
End 1544959823.481048
Difference 57.626327991485596
Start 1544959823.507496
End 1544959877.7582397
Difference 54.25074362754822
Start 1544959877.7849426
End 1544959936.5742733
Difference 58.78933072090149
Start 1544959936.6023755
End 1544959995.7582834
Difference 59.15590786933899
Start 1544959995.7912862
End 1544960052.6464684
Difference 56.85518217086792
Start 1544960052.6741197
End 1544960105.4274435
Difference 52.753323793411255
Start 1544960105.4532573
End 1544960159.7114122
Difference 54.25815486907959
Start 1544960159.7371318
End 1544960214.3833508
Difference 54.64621901512146
Start 1544960214.4217458
End 1544960268.3472111
Difference 53.92546534538269
Start 1544960268.3771198
End 1544960323.761805
Difference 55.38468527793884
Start 1544960323.8033848
End 1544960379.1883662
Difference 55.38498139381409
Start 1544960379.2158782
End 1544960433.4786487
Difference 54.26277041435242
Start 1544960433.5066726
End 1544960487.038096
Difference 53.53142333030701
Start 1544960487.0702376
End 1544960544.3659947
Difference 57.29575705528259
Start 1544960544.3988254
End 1544960602.05887
Difference 57.66004467010498
Start 1544960602.0898774
End 1544960660.5127919
Difference 58.42291450500488
Start 1544960660.5367498
End 1544960717.815555
Difference 57.27880525588989
Start 1544960717.8399267
End 1544960773.9886508
Difference 56.14872407913208
Start 1544960774.017715
End 1544960834.3002355
Difference 60.28252053260803
Start 1544960834.3383033
End 1544960893.8773065
Difference 59.539003133773804
Start 1544960893.905414
End 1544960952.678407
Difference 58.772992849349976
Start 1544960952.7022612
End 1544961011.0903056
Difference 58.388044357299805
Start 1544961011.1257777
End 1544961070.6296668
Difference 59.503889083862305
Start 1544961070.6573248
End 1544961130.5168953
Difference 59.85957050323486
Start 1544961130.5423274
End 1544961189.3042552
Difference 58.76192784309387
Start 1544961189.328441
End 1544961246.6179981
Difference 57.289557218551636
Start 1544961246.6470482
End 1544961306.6170948
Difference 59.970046520233154
Start 1544961306.6408625
End 1544961368.0849156
Difference 61.444053173065186
Start 1544961368.113056
End 1544961425.4118059
Difference 57.298749923706055
Start 1544961425.4433496
End 1544961482.8012862
Difference 57.35793662071228
Start 1544961482.8299894
End 1544961538.6921375
Difference 55.86214804649353
Start 1544961538.7094796
End 1544961596.427633
Difference 57.71815347671509
Start 1544961596.4519835
End 1544961654.500934
Difference 58.04895043373108
Start 1544961654.5179386
End 1544961712.936385
Difference 58.41844630241394
Start 1544961712.960653
End 1544961766.8585877
Difference 53.897934675216675
Start 1544961766.887755
End 1544961824.1434052
Difference 57.25565028190613
Start 1544961824.1743107
End 1544961882.9494102
Difference 58.77509951591492
