Could not find conda environment: py36
You can list all discoverable environments with `conda info --envs`.

/var/spool/slurmd/job16840994/slurm_script: line 12: cd: /global/homes/c/cju_lbl/PeculiarVelocity/pv/: No such file or directory
Start 1544485107.538518
End 1544485882.1414359
Difference 774.6029179096222
Start 1544485882.198206
End 1544486666.4552202
Difference 784.2570142745972
Start 1544486666.4948006
End 1544487427.1594088
Difference 760.6646082401276
Start 1544487427.2092838
End 1544488150.1505544
Difference 722.9412705898285
Start 1544488150.1988769
End 1544488868.46158
Difference 718.2627031803131
Start 1544488868.51021
End 1544489600.9487758
Difference 732.4385657310486
Start 1544489600.9924
End 1544490342.7627876
Difference 741.7703876495361
Start 1544490342.8126428
End 1544491094.1371424
Difference 751.3244996070862
Start 1544491094.179099
End 1544491836.112048
Difference 741.9329488277435
Start 1544491836.1587274
End 1544492606.4251454
Difference 770.2664179801941
Start 1544492606.4672906
End 1544493343.7501297
Difference 737.2828390598297
Start 1544493343.7990263
End 1544494095.2855878
Difference 751.4865615367889
Start 1544494095.3313165
End 1544494827.8407218
Difference 732.509405374527
Start 1544494827.8862436
End 1544495598.1671925
Difference 770.2809488773346
Start 1544495598.2103987
End 1544496316.4651728
Difference 718.2547740936279
Start 1544496316.5140488
End 1544496997.0034764
Difference 680.4894275665283
Start 1544496997.0624385
End 1544497738.9749916
Difference 741.9125530719757
Start 1544497739.021548
End 1544498447.7170007
Difference 708.6954526901245
Start 1544498447.7566543
End 1544499208.5296736
Difference 760.7730193138123
Start 1544499208.579453
End 1544499926.7212625
Difference 718.141809463501
Start 1544499926.7670736
End 1544500602.4368665
Difference 675.6697928905487
Start 1544500602.4802942
End 1544501273.3945048
Difference 670.9142105579376
Start 1544501273.4464471
End 1544501934.7914147
Difference 661.3449676036835
Start 1544501934.8398037
End 1544502624.55614
Difference 689.7163362503052
Start 1544502624.6114616
End 1544503347.3470101
Difference 722.7355484962463
Start 1544503347.478237
End 1544504112.9406424
Difference 765.4624054431915
Start 1544504113.0018036
End 1544504850.1144056
Difference 737.1126019954681
Start 1544504850.1695142
End 1544505582.486302
Difference 732.3167877197266
Start 1544505582.5428321
End 1544506258.308079
Difference 675.7652468681335
Start 1544506258.3486624
End 1544506905.6669242
Difference 647.3182618618011
Start 1544506905.7078223
End 1544507562.5202563
Difference 656.8124339580536
Start 1544507562.5662055
End 1544508252.5327883
Difference 689.966582775116
Start 1544508252.745857
End 1544508909.7037818
Difference 656.9579248428345
Start 1544508909.8427303
End 1544509623.3816013
Difference 713.538871049881
Start 1544509623.4229717
End 1544510379.5304186
Difference 756.1074469089508
Start 1544510379.570984
End 1544511107.3394625
Difference 727.7684786319733
Start 1544511107.3861787
End 1544511834.9641585
Difference 727.5779798030853
Start 1544511835.0064695
End 1544512581.6524847
Difference 746.6460151672363
Start 1544512581.694874
End 1544513328.289367
Difference 746.5944929122925
Start 1544513328.3322995
End 1544514032.5138032
Difference 704.1815037727356
Start 1544514032.5549886
End 1544514746.2917638
Difference 713.7367751598358
Start 1544514746.3426452
End 1544515483.5297186
Difference 737.187073469162
Start 1544515483.5819874
End 1544516220.9015734
Difference 737.3195860385895
Start 1544516220.965651
End 1544516944.0634658
Difference 723.0978147983551
Start 1544516944.109574
End 1544517653.0859
Difference 708.9763259887695
Start 1544517653.1296408
End 1544518390.51441
Difference 737.3847692012787
Start 1544518390.5651398
End 1544519170.5840838
Difference 780.0189440250397
Start 1544519170.6327958
End 1544519931.6100442
Difference 760.9772484302521
Start 1544519931.6503294
End 1544520687.8601413
Difference 756.2098119258881
Start 1544520687.9004686
End 1544521425.3885167
Difference 737.4880480766296
Start 1544521425.4408746
End 1544522181.6363993
Difference 756.1955246925354
Start 1544522181.6854196
End 1544522961.5438237
Difference 779.8584041595459
Start 1544522961.5876882
End 1544523722.640606
Difference 761.0529177188873
Start 1544523722.6863532
End 1544524474.1784914
Difference 751.4921381473541
Start 1544524474.2156897
End 1544525211.8319588
Difference 737.6162691116333
Start 1544525211.8860898
End 1544525963.3608224
Difference 751.4747326374054
Start 1544525963.4211328
End 1544526705.126506
Difference 741.7053732872009
Start 1544526705.1911478
End 1544527447.0023828
Difference 741.8112349510193
Start 1544527447.039693
End 1544528179.750631
Difference 732.7109379768372
Start 1544528179.8013902
End 1544528931.396393
Difference 751.5950028896332
Start 1544528931.4448354
End 1544529701.8526607
Difference 770.4078252315521
Start 1544529701.897766
End 1544530453.4530292
Difference 751.55526304245
Start 1544530453.5123043
End 1544531190.8242643
Difference 737.3119599819183
Start 1544531190.8676682
End 1544531970.8881729
Difference 780.0205047130585
Start 1544531970.9356618
End 1544532760.2658525
Difference 789.3301906585693
Start 1544532760.3083925
End 1544533526.1169064
Difference 765.808513879776
Start 1544533526.1705463
End 1544534216.3831942
Difference 690.2126479148865
Start 1544534216.4406867
End 1544534949.129452
Difference 732.6887652873993
Start 1544534949.1834886
End 1544535648.8089955
Difference 699.6255068778992
Start 1544535648.8643174
End 1544536334.2770338
Difference 685.4127163887024
Start 1544536334.3399706
End 1544537062.1781197
Difference 727.8381490707397
Start 1544537062.2192478
End 1544537818.445309
Difference 756.2260611057281
Start 1544537818.4890463
End 1544538588.7233381
Difference 770.2342917919159
Start 1544538588.7782347
End 1544539321.3640146
Difference 732.5857799053192
Start 1544539321.4808888
End 1544540001.8931541
Difference 680.4122653007507
Start 1544540001.93825
End 1544540706.0951798
Difference 704.156929731369
Start 1544540706.1278641
End 1544541424.3957489
Difference 718.2678847312927
Start 1544541424.44168
End 1544542185.3873556
Difference 760.945675611496
Start 1544542185.4371414
End 1544542913.2934496
Difference 727.856308221817
Start 1544542913.3414052
End 1544543655.442251
Difference 742.1008458137512
Start 1544543655.4797661
End 1544544354.9390976
Difference 699.4593315124512
Start 1544544354.9858673
End 1544545078.3042488
Difference 723.3183815479279
Start 1544545078.34559
End 1544545739.8648992
Difference 661.5193090438843
Start 1544545739.9117446
End 1544546410.7490516
Difference 670.8373069763184
Start 1544546410.7971804
End 1544547148.038463
Difference 737.2412827014923
Start 1544547148.1019547
End 1544547904.5764546
Difference 756.4744999408722
Start 1544547904.61663
End 1544548627.762655
Difference 723.1460249423981
Start 1544548627.8134046
End 1544549374.8931775
Difference 747.0797729492188
Start 1544549374.9369073
End 1544550060.1473882
Difference 685.210480928421
Start 1544550060.1899703
End 1544550764.3324807
Difference 704.1425104141235
Start 1544550764.3772483
End 1544551492.136089
Difference 727.7588407993317
Start 1544551536.6325965
End 1544552207.600374
Difference 670.9677774906158
Start 1544552207.6750023
End 1544552921.230075
Difference 713.5550725460052
Start 1544552921.272738
End 1544553705.8518507
Difference 784.5791127681732
Start 1544553705.9037192
End 1544554457.211467
Difference 751.3077478408813
Start 1544554457.273964
End 1544555222.6187458
Difference 765.3447818756104
Start 1544555222.6688232
End 1544555959.8146143
Difference 737.145791053772
Start 1544555959.8660038
End 1544556664.0131352
Difference 704.1471314430237
Start 1544556664.0621665
End 1544557372.6540272
Difference 708.5918607711792
Start 1544557372.6990817
End 1544558053.078858
Difference 680.3797762393951
