Could not find conda environment: py36
You can list all discoverable environments with `conda info --envs`.

/var/spool/slurmd/job16841219/slurm_script: line 12: cd: /global/homes/c/cju_lbl/PeculiarVelocity/pv/: No such file or directory
(6491, 6491)
Start 1544614737.029711
End 1544615018.4927797
Difference 281.4630687236786
Start 1544615018.5720801
End 1544615293.126069
Difference 274.55398893356323
Start 1544615293.16835
End 1544615571.2556393
Difference 278.0872893333435
Start 1544615571.2954483
End 1544615849.3783498
Difference 278.0829014778137
Start 1544615849.4240623
End 1544616111.512642
Difference 262.0885796546936
Start 1544616111.547218
End 1544616364.6582112
Difference 253.11099314689636
Start 1544616364.7672007
End 1544616633.933732
Difference 269.1665313243866
Start 1544616633.976365
End 1544616894.2738137
Difference 260.2974486351013
Start 1544616894.314409
End 1544617163.5762193
Difference 269.2618103027344
Start 1544617163.6229742
End 1544617418.6118996
Difference 254.98892545700073
Start 1544617418.6428747
End 1544617664.738718
Difference 246.0958433151245
Start 1544617664.779345
End 1544617917.9922755
Difference 253.2129304409027
Start 1544617918.016303
End 1544618176.5607107
Difference 258.5444076061249
Start 1544618176.6006343
End 1544618440.5186167
Difference 263.917982339859
Start 1544618440.5550559
End 1544618708.04113
Difference 267.48607420921326
Start 1544618708.0744016
End 1544618972.0156178
Difference 263.94121623039246
Start 1544618972.050418
End 1544619237.7528148
Difference 265.7023968696594
Start 1544619237.7910123
End 1544619498.075327
Difference 260.28431463241577
Start 1544619498.103526
End 1544619774.425108
Difference 276.32158184051514
Start 1544619774.4571135
End 1544620043.725492
Difference 269.26837849617004
Start 1544620043.759892
End 1544620325.4629986
Difference 281.7031066417694
Start 1544620325.5095077
End 1544620618.0086362
Difference 292.4991285800934
Start 1544620618.0342617
End 1544620890.8688517
Difference 272.8345899581909
Start 1544620890.9035287
End 1544621140.4174037
Difference 249.5138750076294
Start 1544621140.4600947
End 1544621407.887482
Difference 267.4273872375488
Start 1544621407.9208255
End 1544621664.7068956
Difference 256.7860701084137
Start 1544621664.7433136
End 1544621928.6531382
Difference 263.90982460975647
Start 1544621928.678581
End 1544622203.1880076
Difference 274.5094265937805
Start 1544622203.2185051
End 1544622459.9632428
Difference 256.74473762512207
Start 1544622459.9975007
End 1544622720.245397
Difference 260.2478964328766
Start 1544622720.2751124
End 1544622973.4486275
Difference 253.17351508140564
Start 1544622973.4829109
End 1544623239.1481335
Difference 265.6652226448059
Start 1544623239.1868353
End 1544623511.914925
Difference 272.7280898094177
Start 1544623511.9451694
End 1544623774.0226986
Difference 262.0775291919708
Start 1544623774.0576086
End 1544624021.883423
Difference 247.82581448554993
Start 1544624021.91561
End 1544624287.5559208
Difference 265.64031076431274
Start 1544624287.5914643
End 1544624521.1142263
Difference 233.5227620601654
Start 1544624521.1456468
End 1544624783.239324
Difference 262.0936772823334
Start 1544624783.2665691
End 1544625034.6809895
Difference 251.41442036628723
Start 1544625034.7036703
End 1544625289.6963801
Difference 254.9927098751068
Start 1544625289.7293658
End 1544625555.2834287
Difference 265.55406284332275
Start 1544625555.323628
End 1544625815.5807908
Difference 260.25716280937195
Start 1544625815.6122422
End 1544626090.1501834
Difference 274.5379412174225
Start 1544626090.187586
End 1544626348.6651275
Difference 258.4775414466858
Start 1544626348.7012115
End 1544626623.2336986
Difference 274.53248715400696
Start 1544626623.2675827
End 1544626903.0642633
Difference 279.79668068885803
Start 1544626903.09659
End 1544627170.490929
Difference 267.39433884620667
Start 1544627170.524488
End 1544627443.266703
Difference 272.7422149181366
Start 1544627443.3028955
End 1544627710.7283812
Difference 267.4254856109619
Start 1544627710.7621758
End 1544627981.7488344
Difference 270.98665857315063
Start 1544627981.780365
End 1544628249.2535958
Difference 267.47323083877563
Start 1544628249.2863002
End 1544628529.1945484
Difference 279.90824818611145
Start 1544628529.2301235
End 1544628809.2757883
Difference 280.0456647872925
Start 1544628809.3095202
End 1544629082.0436285
Difference 272.73410820961
Start 1544629082.0728066
End 1544629353.0810463
Difference 271.00823974609375
Start 1544629353.1170628
End 1544629631.3211174
Difference 278.2040545940399
Start 1544629631.3567538
End 1544629907.7705188
Difference 276.4137649536133
Start 1544629907.8038085
End 1544630182.4160664
Difference 274.6122579574585
Start 1544630182.4507837
End 1544630442.7757187
Difference 260.3249349594116
Start 1544630442.8079169
End 1544630729.760839
Difference 286.9529221057892
Start 1544630729.7916846
End 1544630988.2513728
Difference 258.4596881866455
Start 1544630988.285859
End 1544631253.9920933
Difference 265.70623421669006
Start 1544631254.0305247
End 1544631553.373861
Difference 299.34333634376526
Start 1544631553.4166434
End 1544631831.5024884
Difference 278.0858449935913
Start 1544631831.5506585
End 1544632093.4005752
Difference 261.84991669654846
Start 1544632093.4399407
End 1544632344.7427752
Difference 251.30283451080322
Start 1544632344.7806144
End 1544632610.2916496
Difference 265.5110352039337
Start 1544632610.3237815
End 1544632888.4330926
Difference 278.1093111038208
Start 1544632888.4731905
End 1544633159.4388816
Difference 270.9656910896301
Start 1544633159.4709058
End 1544633416.035025
Difference 256.5641191005707
Start 1544633416.0675414
End 1544633683.3183105
Difference 267.2507691383362
Start 1544633683.3593135
End 1544633973.8166041
Difference 290.45729064941406
Start 1544633973.8469691
End 1544634257.2162852
Difference 283.3693161010742
Start 1544634257.247877
End 1544634531.6271424
Difference 274.3792655467987
Start 1544634531.671187
End 1544634784.7526548
Difference 253.08146786689758
Start 1544634784.7806134
End 1544635030.661972
Difference 245.88135862350464
Start 1544635030.698499
End 1544635312.3307033
Difference 281.6322042942047
Start 1544635312.3684695
End 1544635577.7151322
Difference 265.3466627597809
Start 1544635577.7539485
End 1544635852.1657238
Difference 274.4117753505707
Start 1544635852.207447
End 1544636130.241757
Difference 278.0343098640442
Start 1544636130.281793
End 1544636401.1286287
Difference 270.84683561325073
Start 1544636401.163212
End 1544636686.2993116
Difference 285.1360995769501
Start 1544636686.3352213
End 1544636950.099198
Difference 263.76397681236267
Start 1544636950.1328228
End 1544637197.6470406
Difference 247.51421785354614
Start 1544637197.6821778
End 1544637461.3541703
Difference 263.6719925403595
Start 1544637461.3913574
End 1544637721.6232047
Difference 260.23184728622437
Start 1544637721.6575396
End 1544638001.359323
Difference 279.7017834186554
Start 1544638001.3981733
End 1544638277.566818
Difference 276.16864466667175
Start 1544638277.606102
End 1544638548.5794265
Difference 270.9733245372772
Start 1544638548.6161776
End 1544638817.8279202
Difference 269.2117426395416
Start 1544638817.8638928
End 1544639076.3437617
Difference 258.479868888855
Start 1544639076.374139
End 1544639354.4099252
Difference 278.035786151886
Start 1544639354.4492395
End 1544639621.8693044
Difference 267.42006492614746
Start 1544639621.9077115
End 1544639885.6437466
Difference 263.7360351085663
Start 1544639885.6827388
End 1544640152.9680903
Difference 267.2853515148163
Start 1544640152.9992073
End 1544640425.7039015
Difference 272.70469427108765
Start 1544640425.7475412
End 1544640707.3699708
Difference 281.6224296092987
Start 1544640707.4080489
End 1544640987.1269038
Difference 279.7188549041748
Start 1544640987.1660707
End 1544641268.6656883
Difference 281.4996175765991
Start 1544641268.7318754
End 1544641537.7975092
Difference 269.0656337738037
